{"/Users/wayne12190/Desktop/express-jobly/app.js": {"path":"/Users/wayne12190/Desktop/express-jobly/app.js","statementMap":{"0":{"start":{"line":5,"column":16},"end":{"line":5,"column":34}},"1":{"start":{"line":7,"column":26},"end":{"line":7,"column":51}},"2":{"start":{"line":9,"column":28},"end":{"line":9,"column":56}},"3":{"start":{"line":10,"column":24},"end":{"line":10,"column":53}},"4":{"start":{"line":11,"column":19},"end":{"line":11,"column":43}},"5":{"start":{"line":13,"column":15},"end":{"line":13,"column":32}},"6":{"start":{"line":15,"column":12},"end":{"line":15,"column":21}},"7":{"start":{"line":17,"column":0},"end":{"line":17,"column":24}},"8":{"start":{"line":18,"column":0},"end":{"line":18,"column":24}},"9":{"start":{"line":19,"column":0},"end":{"line":19,"column":25}},"10":{"start":{"line":21,"column":0},"end":{"line":21,"column":39}},"11":{"start":{"line":22,"column":0},"end":{"line":22,"column":29}},"12":{"start":{"line":26,"column":0},"end":{"line":28,"column":3}},"13":{"start":{"line":27,"column":2},"end":{"line":27,"column":35}},"14":{"start":{"line":31,"column":0},"end":{"line":39,"column":3}},"15":{"start":{"line":32,"column":2},"end":{"line":32,"column":64}},"16":{"start":{"line":32,"column":39},"end":{"line":32,"column":64}},"17":{"start":{"line":33,"column":17},"end":{"line":33,"column":34}},"18":{"start":{"line":34,"column":18},"end":{"line":34,"column":29}},"19":{"start":{"line":36,"column":2},"end":{"line":38,"column":5}},"20":{"start":{"line":41,"column":0},"end":{"line":41,"column":21}}},"fnMap":{"0":{"name":"(anonymous_0)","decl":{"start":{"line":26,"column":8},"end":{"line":26,"column":9}},"loc":{"start":{"line":26,"column":34},"end":{"line":28,"column":1}},"line":26},"1":{"name":"(anonymous_1)","decl":{"start":{"line":31,"column":8},"end":{"line":31,"column":9}},"loc":{"start":{"line":31,"column":39},"end":{"line":39,"column":1}},"line":31}},"branchMap":{"0":{"loc":{"start":{"line":32,"column":2},"end":{"line":32,"column":64}},"type":"if","locations":[{"start":{"line":32,"column":2},"end":{"line":32,"column":64}},{"start":{"line":32,"column":2},"end":{"line":32,"column":64}}],"line":32},"1":{"loc":{"start":{"line":33,"column":17},"end":{"line":33,"column":34}},"type":"binary-expr","locations":[{"start":{"line":33,"column":17},"end":{"line":33,"column":27}},{"start":{"line":33,"column":31},"end":{"line":33,"column":34}}],"line":33}},"s":{"0":3,"1":3,"2":3,"3":3,"4":3,"5":3,"6":3,"7":3,"8":3,"9":3,"10":3,"11":3,"12":3,"13":1,"14":3,"15":17,"16":0,"17":17,"18":17,"19":17,"20":3},"f":{"0":1,"1":17},"b":{"0":[0,17],"1":[17,1]},"_coverageSchema":"1a1c01bbd47fc00a2c39e90264f33305004495a9","hash":"1221ac6ade6b61df804e7351d98dbbe28190c6be"}
,"/Users/wayne12190/Desktop/express-jobly/config.js": {"path":"/Users/wayne12190/Desktop/express-jobly/config.js","statementMap":{"0":{"start":{"line":5,"column":0},"end":{"line":5,"column":27}},"1":{"start":{"line":7,"column":19},"end":{"line":7,"column":57}},"2":{"start":{"line":9,"column":13},"end":{"line":9,"column":38}},"3":{"start":{"line":13,"column":15},"end":{"line":15,"column":41}},"4":{"start":{"line":20,"column":27},"end":{"line":20,"column":67}},"5":{"start":{"line":23,"column":0},"end":{"line":28,"column":2}}},"fnMap":{},"branchMap":{"0":{"loc":{"start":{"line":7,"column":19},"end":{"line":7,"column":57}},"type":"binary-expr","locations":[{"start":{"line":7,"column":19},"end":{"line":7,"column":41}},{"start":{"line":7,"column":45},"end":{"line":7,"column":57}}],"line":7},"1":{"loc":{"start":{"line":9,"column":13},"end":{"line":9,"column":38}},"type":"binary-expr","locations":[{"start":{"line":9,"column":13},"end":{"line":9,"column":30}},{"start":{"line":9,"column":34},"end":{"line":9,"column":38}}],"line":9},"2":{"loc":{"start":{"line":13,"column":15},"end":{"line":15,"column":41}},"type":"cond-expr","locations":[{"start":{"line":14,"column":6},"end":{"line":14,"column":18}},{"start":{"line":15,"column":6},"end":{"line":15,"column":41}}],"line":13},"3":{"loc":{"start":{"line":15,"column":6},"end":{"line":15,"column":41}},"type":"binary-expr","locations":[{"start":{"line":15,"column":6},"end":{"line":15,"column":30}},{"start":{"line":15,"column":34},"end":{"line":15,"column":41}}],"line":15},"4":{"loc":{"start":{"line":20,"column":27},"end":{"line":20,"column":67}},"type":"cond-expr","locations":[{"start":{"line":20,"column":61},"end":{"line":20,"column":62}},{"start":{"line":20,"column":65},"end":{"line":20,"column":67}}],"line":20}},"s":{"0":6,"1":6,"2":6,"3":6,"4":6,"5":6},"f":{},"b":{"0":[6,6],"1":[6,6],"2":[6,0],"3":[0,0],"4":[6,0]},"_coverageSchema":"1a1c01bbd47fc00a2c39e90264f33305004495a9","hash":"6d4cd29d03337ab87298e67e52ce4e5a716c5126"}
,"/Users/wayne12190/Desktop/express-jobly/db.js": {"path":"/Users/wayne12190/Desktop/express-jobly/db.js","statementMap":{"0":{"start":{"line":5,"column":19},"end":{"line":5,"column":32}},"1":{"start":{"line":6,"column":19},"end":{"line":6,"column":38}},"2":{"start":{"line":8,"column":11},"end":{"line":10,"column":2}},"3":{"start":{"line":12,"column":0},"end":{"line":12,"column":13}},"4":{"start":{"line":14,"column":0},"end":{"line":14,"column":20}}},"fnMap":{},"branchMap":{},"s":{"0":5,"1":5,"2":5,"3":5,"4":5},"f":{},"b":{},"_coverageSchema":"1a1c01bbd47fc00a2c39e90264f33305004495a9","hash":"40ef188f3fc1329dc04899bb9ba2b5f47eb08e36"}
,"/Users/wayne12190/Desktop/express-jobly/expressError.js": {"path":"/Users/wayne12190/Desktop/express-jobly/expressError.js","statementMap":{"0":{"start":{"line":9,"column":4},"end":{"line":9,"column":12}},"1":{"start":{"line":10,"column":4},"end":{"line":10,"column":27}},"2":{"start":{"line":11,"column":4},"end":{"line":11,"column":25}},"3":{"start":{"line":19,"column":4},"end":{"line":19,"column":24}},"4":{"start":{"line":27,"column":4},"end":{"line":27,"column":24}},"5":{"start":{"line":35,"column":4},"end":{"line":35,"column":24}},"6":{"start":{"line":43,"column":4},"end":{"line":43,"column":24}},"7":{"start":{"line":47,"column":0},"end":{"line":53,"column":2}}},"fnMap":{"0":{"name":"(anonymous_0)","decl":{"start":{"line":8,"column":2},"end":{"line":8,"column":3}},"loc":{"start":{"line":8,"column":31},"end":{"line":12,"column":3}},"line":8},"1":{"name":"(anonymous_1)","decl":{"start":{"line":18,"column":2},"end":{"line":18,"column":3}},"loc":{"start":{"line":18,"column":37},"end":{"line":20,"column":3}},"line":18},"2":{"name":"(anonymous_2)","decl":{"start":{"line":26,"column":2},"end":{"line":26,"column":3}},"loc":{"start":{"line":26,"column":40},"end":{"line":28,"column":3}},"line":26},"3":{"name":"(anonymous_3)","decl":{"start":{"line":34,"column":2},"end":{"line":34,"column":3}},"loc":{"start":{"line":34,"column":39},"end":{"line":36,"column":3}},"line":34},"4":{"name":"(anonymous_4)","decl":{"start":{"line":42,"column":2},"end":{"line":42,"column":3}},"loc":{"start":{"line":42,"column":39},"end":{"line":44,"column":3}},"line":42}},"branchMap":{"0":{"loc":{"start":{"line":18,"column":14},"end":{"line":18,"column":35}},"type":"default-arg","locations":[{"start":{"line":18,"column":24},"end":{"line":18,"column":35}}],"line":18},"1":{"loc":{"start":{"line":26,"column":14},"end":{"line":26,"column":38}},"type":"default-arg","locations":[{"start":{"line":26,"column":24},"end":{"line":26,"column":38}}],"line":26},"2":{"loc":{"start":{"line":34,"column":14},"end":{"line":34,"column":37}},"type":"default-arg","locations":[{"start":{"line":34,"column":24},"end":{"line":34,"column":37}}],"line":34},"3":{"loc":{"start":{"line":42,"column":14},"end":{"line":42,"column":37}},"type":"default-arg","locations":[{"start":{"line":42,"column":24},"end":{"line":42,"column":37}}],"line":42}},"s":{"0":24,"1":24,"2":24,"3":6,"4":8,"5":10,"6":0,"7":6},"f":{"0":24,"1":6,"2":8,"3":10,"4":0},"b":{"0":[1],"1":[4],"2":[0],"3":[0]},"_coverageSchema":"1a1c01bbd47fc00a2c39e90264f33305004495a9","hash":"f0b7346be2b38028f620b1ff2cfb739ecddd50db"}
,"/Users/wayne12190/Desktop/express-jobly/helpers/sql.js": {"path":"/Users/wayne12190/Desktop/express-jobly/helpers/sql.js","statementMap":{"0":{"start":{"line":4,"column":15},"end":{"line":5,"column":41}},"1":{"start":{"line":5,"column":20},"end":{"line":5,"column":40}},"2":{"start":{"line":7,"column":2},"end":{"line":10,"column":4}},"3":{"start":{"line":13,"column":0},"end":{"line":13,"column":41}}},"fnMap":{"0":{"name":"sqlForPartialUpdate","decl":{"start":{"line":3,"column":9},"end":{"line":3,"column":28}},"loc":{"start":{"line":3,"column":43},"end":{"line":11,"column":1}},"line":3},"1":{"name":"(anonymous_1)","decl":{"start":{"line":5,"column":6},"end":{"line":5,"column":7}},"loc":{"start":{"line":5,"column":20},"end":{"line":5,"column":40}},"line":5}},"branchMap":{},"s":{"0":3,"1":3,"2":3,"3":4},"f":{"0":3,"1":3},"b":{},"_coverageSchema":"1a1c01bbd47fc00a2c39e90264f33305004495a9","hash":"466538e7f53e71e7b63df2a9cd7300e28f04b1b8"}
,"/Users/wayne12190/Desktop/express-jobly/helpers/tokens.js": {"path":"/Users/wayne12190/Desktop/express-jobly/helpers/tokens.js","statementMap":{"0":{"start":{"line":1,"column":12},"end":{"line":1,"column":35}},"1":{"start":{"line":2,"column":23},"end":{"line":2,"column":43}},"2":{"start":{"line":7,"column":2},"end":{"line":8,"column":59}},"3":{"start":{"line":10,"column":16},"end":{"line":13,"column":3}},"4":{"start":{"line":15,"column":2},"end":{"line":15,"column":39}},"5":{"start":{"line":18,"column":0},"end":{"line":18,"column":33}}},"fnMap":{"0":{"name":"createToken","decl":{"start":{"line":6,"column":9},"end":{"line":6,"column":20}},"loc":{"start":{"line":6,"column":27},"end":{"line":16,"column":1}},"line":6}},"branchMap":{"0":{"loc":{"start":{"line":12,"column":14},"end":{"line":12,"column":36}},"type":"binary-expr","locations":[{"start":{"line":12,"column":14},"end":{"line":12,"column":27}},{"start":{"line":12,"column":31},"end":{"line":12,"column":36}}],"line":12}},"s":{"0":3,"1":3,"2":4,"3":4,"4":4,"5":3},"f":{"0":4},"b":{"0":[4,4]},"_coverageSchema":"1a1c01bbd47fc00a2c39e90264f33305004495a9","hash":"a9a30670b05b4f63fcc7fecee88db406f5700e75"}
,"/Users/wayne12190/Desktop/express-jobly/middleware/auth.js": {"path":"/Users/wayne12190/Desktop/express-jobly/middleware/auth.js","statementMap":{"0":{"start":{"line":5,"column":12},"end":{"line":5,"column":35}},"1":{"start":{"line":6,"column":23},"end":{"line":6,"column":43}},"2":{"start":{"line":7,"column":30},"end":{"line":7,"column":56}},"3":{"start":{"line":21,"column":2},"end":{"line":30,"column":3}},"4":{"start":{"line":22,"column":18},"end":{"line":22,"column":33}},"5":{"start":{"line":24,"column":4},"end":{"line":24,"column":27}},"6":{"start":{"line":25,"column":4},"end":{"line":25,"column":63}},"7":{"start":{"line":25,"column":15},"end":{"line":25,"column":63}},"8":{"start":{"line":26,"column":4},"end":{"line":26,"column":18}},"9":{"start":{"line":28,"column":4},"end":{"line":28,"column":51}},"10":{"start":{"line":29,"column":4},"end":{"line":29,"column":18}},"11":{"start":{"line":42,"column":2},"end":{"line":42,"column":54}},"12":{"start":{"line":42,"column":24},"end":{"line":42,"column":54}},"13":{"start":{"line":49,"column":2},"end":{"line":54,"column":3}},"14":{"start":{"line":50,"column":4},"end":{"line":50,"column":30}},"15":{"start":{"line":51,"column":4},"end":{"line":51,"column":18}},"16":{"start":{"line":53,"column":4},"end":{"line":53,"column":21}},"17":{"start":{"line":58,"column":0},"end":{"line":62,"column":2}}},"fnMap":{"0":{"name":"authenticateJWT","decl":{"start":{"line":20,"column":9},"end":{"line":20,"column":24}},"loc":{"start":{"line":20,"column":41},"end":{"line":31,"column":1}},"line":20},"1":{"name":"_ensureLoggedIn","decl":{"start":{"line":41,"column":9},"end":{"line":41,"column":24}},"loc":{"start":{"line":41,"column":35},"end":{"line":43,"column":1}},"line":41},"2":{"name":"ensureLoggedIn","decl":{"start":{"line":48,"column":9},"end":{"line":48,"column":23}},"loc":{"start":{"line":48,"column":40},"end":{"line":55,"column":1}},"line":48}},"branchMap":{"0":{"loc":{"start":{"line":25,"column":4},"end":{"line":25,"column":63}},"type":"if","locations":[{"start":{"line":25,"column":4},"end":{"line":25,"column":63}},{"start":{"line":25,"column":4},"end":{"line":25,"column":63}}],"line":25},"1":{"loc":{"start":{"line":42,"column":2},"end":{"line":42,"column":54}},"type":"if","locations":[{"start":{"line":42,"column":2},"end":{"line":42,"column":54}},{"start":{"line":42,"column":2},"end":{"line":42,"column":54}}],"line":42}},"s":{"0":4,"1":4,"2":4,"3":27,"4":27,"5":27,"6":27,"7":11,"8":26,"9":1,"10":1,"11":13,"12":4,"13":11,"14":11,"15":8,"16":3,"17":4},"f":{"0":27,"1":13,"2":11},"b":{"0":[11,16],"1":[4,9]},"_coverageSchema":"1a1c01bbd47fc00a2c39e90264f33305004495a9","hash":"ac5062c613c84268cb0cef1ed057f3c5780d0dd4"}
,"/Users/wayne12190/Desktop/express-jobly/models/_testCommon.js": {"path":"/Users/wayne12190/Desktop/express-jobly/models/_testCommon.js","statementMap":{"0":{"start":{"line":1,"column":15},"end":{"line":1,"column":32}},"1":{"start":{"line":3,"column":11},"end":{"line":3,"column":30}},"2":{"start":{"line":4,"column":31},"end":{"line":4,"column":51}},"3":{"start":{"line":9,"column":2},"end":{"line":9,"column":42}},"4":{"start":{"line":11,"column":2},"end":{"line":11,"column":38}},"5":{"start":{"line":13,"column":2},"end":{"line":17,"column":55}},"6":{"start":{"line":19,"column":22},"end":{"line":22,"column":3}},"7":{"start":{"line":24,"column":2},"end":{"line":32,"column":25}},"8":{"start":{"line":36,"column":2},"end":{"line":36,"column":26}},"9":{"start":{"line":40,"column":2},"end":{"line":40,"column":29}},"10":{"start":{"line":44,"column":2},"end":{"line":44,"column":17}},"11":{"start":{"line":48,"column":0},"end":{"line":53,"column":2}}},"fnMap":{"0":{"name":"commonBeforeAll","decl":{"start":{"line":7,"column":15},"end":{"line":7,"column":30}},"loc":{"start":{"line":7,"column":33},"end":{"line":33,"column":1}},"line":7},"1":{"name":"commonBeforeEach","decl":{"start":{"line":35,"column":15},"end":{"line":35,"column":31}},"loc":{"start":{"line":35,"column":34},"end":{"line":37,"column":1}},"line":35},"2":{"name":"commonAfterEach","decl":{"start":{"line":39,"column":15},"end":{"line":39,"column":30}},"loc":{"start":{"line":39,"column":33},"end":{"line":41,"column":1}},"line":39},"3":{"name":"commonAfterAll","decl":{"start":{"line":43,"column":15},"end":{"line":43,"column":29}},"loc":{"start":{"line":43,"column":32},"end":{"line":45,"column":1}},"line":43}},"branchMap":{},"s":{"0":2,"1":2,"2":2,"3":2,"4":2,"5":2,"6":2,"7":2,"8":17,"9":17,"10":2,"11":2},"f":{"0":2,"1":17,"2":17,"3":2},"b":{},"_coverageSchema":"1a1c01bbd47fc00a2c39e90264f33305004495a9","hash":"b8c0803897658ec45b05b723a2e3f1ea412e7028"}
,"/Users/wayne12190/Desktop/express-jobly/models/company.js": {"path":"/Users/wayne12190/Desktop/express-jobly/models/company.js","statementMap":{"0":{"start":{"line":3,"column":11},"end":{"line":3,"column":27}},"1":{"start":{"line":4,"column":43},"end":{"line":4,"column":69}},"2":{"start":{"line":5,"column":32},"end":{"line":5,"column":57}},"3":{"start":{"line":16,"column":25},"end":{"line":19,"column":26}},"4":{"start":{"line":20,"column":4},"end":{"line":20,"column":29}},"5":{"start":{"line":31,"column":23},"end":{"line":35,"column":17}},"6":{"start":{"line":37,"column":20},"end":{"line":37,"column":38}},"7":{"start":{"line":39,"column":4},"end":{"line":39,"column":67}},"8":{"start":{"line":39,"column":18},"end":{"line":39,"column":67}},"9":{"start":{"line":41,"column":4},"end":{"line":41,"column":19}},"10":{"start":{"line":54,"column":27},"end":{"line":58,"column":17}},"11":{"start":{"line":60,"column":4},"end":{"line":61,"column":64}},"12":{"start":{"line":61,"column":6},"end":{"line":61,"column":64}},"13":{"start":{"line":63,"column":19},"end":{"line":75,"column":5}},"14":{"start":{"line":76,"column":20},"end":{"line":76,"column":34}},"15":{"start":{"line":78,"column":4},"end":{"line":78,"column":19}},"16":{"start":{"line":94,"column":4},"end":{"line":94,"column":77}},"17":{"start":{"line":94,"column":40},"end":{"line":94,"column":77}},"18":{"start":{"line":96,"column":32},"end":{"line":96,"column":57}},"19":{"start":{"line":97,"column":25},"end":{"line":97,"column":50}},"20":{"start":{"line":99,"column":21},"end":{"line":106,"column":41}},"21":{"start":{"line":107,"column":19},"end":{"line":107,"column":64}},"22":{"start":{"line":108,"column":20},"end":{"line":108,"column":34}},"23":{"start":{"line":110,"column":4},"end":{"line":110,"column":67}},"24":{"start":{"line":110,"column":18},"end":{"line":110,"column":67}},"25":{"start":{"line":112,"column":4},"end":{"line":112,"column":19}},"26":{"start":{"line":121,"column":19},"end":{"line":126,"column":17}},"27":{"start":{"line":127,"column":20},"end":{"line":127,"column":34}},"28":{"start":{"line":129,"column":4},"end":{"line":129,"column":67}},"29":{"start":{"line":129,"column":18},"end":{"line":129,"column":67}},"30":{"start":{"line":134,"column":0},"end":{"line":134,"column":25}}},"fnMap":{"0":{"name":"(anonymous_0)","decl":{"start":{"line":15,"column":2},"end":{"line":15,"column":3}},"loc":{"start":{"line":15,"column":25},"end":{"line":21,"column":3}},"line":15},"1":{"name":"(anonymous_1)","decl":{"start":{"line":30,"column":2},"end":{"line":30,"column":3}},"loc":{"start":{"line":30,"column":27},"end":{"line":42,"column":3}},"line":30},"2":{"name":"(anonymous_2)","decl":{"start":{"line":53,"column":2},"end":{"line":53,"column":3}},"loc":{"start":{"line":53,"column":78},"end":{"line":79,"column":3}},"line":53},"3":{"name":"(anonymous_3)","decl":{"start":{"line":93,"column":2},"end":{"line":93,"column":3}},"loc":{"start":{"line":93,"column":36},"end":{"line":113,"column":3}},"line":93},"4":{"name":"(anonymous_4)","decl":{"start":{"line":120,"column":2},"end":{"line":120,"column":3}},"loc":{"start":{"line":120,"column":30},"end":{"line":130,"column":3}},"line":120}},"branchMap":{"0":{"loc":{"start":{"line":39,"column":4},"end":{"line":39,"column":67}},"type":"if","locations":[{"start":{"line":39,"column":4},"end":{"line":39,"column":67}},{"start":{"line":39,"column":4},"end":{"line":39,"column":67}}],"line":39},"1":{"loc":{"start":{"line":60,"column":4},"end":{"line":61,"column":64}},"type":"if","locations":[{"start":{"line":60,"column":4},"end":{"line":61,"column":64}},{"start":{"line":60,"column":4},"end":{"line":61,"column":64}}],"line":60},"2":{"loc":{"start":{"line":94,"column":4},"end":{"line":94,"column":77}},"type":"if","locations":[{"start":{"line":94,"column":4},"end":{"line":94,"column":77}},{"start":{"line":94,"column":4},"end":{"line":94,"column":77}}],"line":94},"3":{"loc":{"start":{"line":110,"column":4},"end":{"line":110,"column":67}},"type":"if","locations":[{"start":{"line":110,"column":4},"end":{"line":110,"column":67}},{"start":{"line":110,"column":4},"end":{"line":110,"column":67}}],"line":110},"4":{"loc":{"start":{"line":129,"column":4},"end":{"line":129,"column":67}},"type":"if","locations":[{"start":{"line":129,"column":4},"end":{"line":129,"column":67}},{"start":{"line":129,"column":4},"end":{"line":129,"column":67}}],"line":129}},"s":{"0":4,"1":4,"2":4,"3":3,"4":2,"5":4,"6":4,"7":4,"8":2,"9":2,"10":9,"11":9,"12":1,"13":8,"14":8,"15":8,"16":4,"17":1,"18":3,"19":3,"20":3,"21":3,"22":3,"23":3,"24":1,"25":2,"26":4,"27":4,"28":4,"29":2,"30":4},"f":{"0":3,"1":4,"2":9,"3":4,"4":4},"b":{"0":[2,2],"1":[1,8],"2":[1,3],"3":[1,2],"4":[2,2]},"_coverageSchema":"1a1c01bbd47fc00a2c39e90264f33305004495a9","hash":"09d6680511f375da8a7f49f61451b3d77061304c"}
,"/Users/wayne12190/Desktop/express-jobly/models/user.js": {"path":"/Users/wayne12190/Desktop/express-jobly/models/user.js","statementMap":{"0":{"start":{"line":3,"column":11},"end":{"line":3,"column":27}},"1":{"start":{"line":4,"column":15},"end":{"line":4,"column":32}},"2":{"start":{"line":8,"column":4},"end":{"line":8,"column":30}},"3":{"start":{"line":10,"column":31},"end":{"line":10,"column":54}},"4":{"start":{"line":24,"column":19},"end":{"line":34,"column":5}},"5":{"start":{"line":36,"column":17},"end":{"line":36,"column":31}},"6":{"start":{"line":38,"column":4},"end":{"line":45,"column":5}},"7":{"start":{"line":40,"column":22},"end":{"line":40,"column":67}},"8":{"start":{"line":41,"column":6},"end":{"line":44,"column":7}},"9":{"start":{"line":42,"column":8},"end":{"line":42,"column":29}},"10":{"start":{"line":43,"column":8},"end":{"line":43,"column":20}},"11":{"start":{"line":47,"column":4},"end":{"line":47,"column":61}},"12":{"start":{"line":59,"column":27},"end":{"line":64,"column":5}},"13":{"start":{"line":66,"column":4},"end":{"line":68,"column":5}},"14":{"start":{"line":67,"column":6},"end":{"line":67,"column":72}},"15":{"start":{"line":70,"column":27},"end":{"line":70,"column":74}},"16":{"start":{"line":72,"column":19},"end":{"line":90,"column":5}},"17":{"start":{"line":92,"column":17},"end":{"line":92,"column":31}},"18":{"start":{"line":94,"column":4},"end":{"line":94,"column":16}},"19":{"start":{"line":98,"column":0},"end":{"line":98,"column":22}}},"fnMap":{"0":{"name":"(anonymous_0)","decl":{"start":{"line":22,"column":2},"end":{"line":22,"column":3}},"loc":{"start":{"line":22,"column":48},"end":{"line":48,"column":3}},"line":22},"1":{"name":"(anonymous_1)","decl":{"start":{"line":57,"column":2},"end":{"line":57,"column":3}},"loc":{"start":{"line":58,"column":70},"end":{"line":95,"column":3}},"line":58}},"branchMap":{"0":{"loc":{"start":{"line":38,"column":4},"end":{"line":45,"column":5}},"type":"if","locations":[{"start":{"line":38,"column":4},"end":{"line":45,"column":5}},{"start":{"line":38,"column":4},"end":{"line":45,"column":5}}],"line":38},"1":{"loc":{"start":{"line":41,"column":6},"end":{"line":44,"column":7}},"type":"if","locations":[{"start":{"line":41,"column":6},"end":{"line":44,"column":7}},{"start":{"line":41,"column":6},"end":{"line":44,"column":7}}],"line":41},"2":{"loc":{"start":{"line":66,"column":4},"end":{"line":68,"column":5}},"type":"if","locations":[{"start":{"line":66,"column":4},"end":{"line":68,"column":5}},{"start":{"line":66,"column":4},"end":{"line":68,"column":5}}],"line":66}},"s":{"0":4,"1":4,"2":4,"3":4,"4":6,"5":6,"6":6,"7":4,"8":4,"9":2,"10":2,"11":4,"12":11,"13":11,"14":1,"15":10,"16":10,"17":9,"18":9,"19":4},"f":{"0":6,"1":11},"b":{"0":[4,2],"1":[2,2],"2":[1,10]},"_coverageSchema":"1a1c01bbd47fc00a2c39e90264f33305004495a9","hash":"318ca9c98b05740d3a0b6e0307f24fad046bc25a"}
,"/Users/wayne12190/Desktop/express-jobly/routes/_testCommon.js": {"path":"/Users/wayne12190/Desktop/express-jobly/routes/_testCommon.js","statementMap":{"0":{"start":{"line":3,"column":11},"end":{"line":3,"column":30}},"1":{"start":{"line":4,"column":13},"end":{"line":4,"column":38}},"2":{"start":{"line":5,"column":16},"end":{"line":5,"column":44}},"3":{"start":{"line":6,"column":24},"end":{"line":6,"column":52}},"4":{"start":{"line":10,"column":2},"end":{"line":10,"column":38}},"5":{"start":{"line":12,"column":2},"end":{"line":12,"column":42}},"6":{"start":{"line":14,"column":2},"end":{"line":15,"column":76}},"7":{"start":{"line":16,"column":2},"end":{"line":17,"column":76}},"8":{"start":{"line":18,"column":2},"end":{"line":19,"column":76}},"9":{"start":{"line":21,"column":2},"end":{"line":28,"column":5}},"10":{"start":{"line":29,"column":2},"end":{"line":36,"column":5}},"11":{"start":{"line":37,"column":2},"end":{"line":44,"column":5}},"12":{"start":{"line":48,"column":2},"end":{"line":48,"column":26}},"13":{"start":{"line":52,"column":2},"end":{"line":52,"column":29}},"14":{"start":{"line":56,"column":2},"end":{"line":56,"column":17}},"15":{"start":{"line":60,"column":16},"end":{"line":60,"column":64}},"16":{"start":{"line":62,"column":0},"end":{"line":68,"column":2}}},"fnMap":{"0":{"name":"commonBeforeAll","decl":{"start":{"line":8,"column":15},"end":{"line":8,"column":30}},"loc":{"start":{"line":8,"column":33},"end":{"line":45,"column":1}},"line":8},"1":{"name":"commonBeforeEach","decl":{"start":{"line":47,"column":15},"end":{"line":47,"column":31}},"loc":{"start":{"line":47,"column":34},"end":{"line":49,"column":1}},"line":47},"2":{"name":"commonAfterEach","decl":{"start":{"line":51,"column":15},"end":{"line":51,"column":30}},"loc":{"start":{"line":51,"column":33},"end":{"line":53,"column":1}},"line":51},"3":{"name":"commonAfterAll","decl":{"start":{"line":55,"column":15},"end":{"line":55,"column":29}},"loc":{"start":{"line":55,"column":32},"end":{"line":57,"column":1}},"line":55}},"branchMap":{},"s":{"0":2,"1":2,"2":2,"3":2,"4":2,"5":2,"6":2,"7":2,"8":2,"9":2,"10":2,"11":2,"12":23,"13":23,"14":2,"15":2,"16":2},"f":{"0":2,"1":23,"2":23,"3":2},"b":{},"_coverageSchema":"1a1c01bbd47fc00a2c39e90264f33305004495a9","hash":"fb961590b6bda6f31298c6a58b63c42fe01a19f1"}
,"/Users/wayne12190/Desktop/express-jobly/routes/auth.js": {"path":"/Users/wayne12190/Desktop/express-jobly/routes/auth.js","statementMap":{"0":{"start":{"line":5,"column":19},"end":{"line":5,"column":40}},"1":{"start":{"line":7,"column":13},"end":{"line":7,"column":38}},"2":{"start":{"line":8,"column":16},"end":{"line":8,"column":34}},"3":{"start":{"line":9,"column":15},"end":{"line":9,"column":35}},"4":{"start":{"line":10,"column":24},"end":{"line":10,"column":52}},"5":{"start":{"line":11,"column":23},"end":{"line":11,"column":58}},"6":{"start":{"line":12,"column":27},"end":{"line":12,"column":66}},"7":{"start":{"line":13,"column":28},"end":{"line":13,"column":54}},"8":{"start":{"line":22,"column":0},"end":{"line":37,"column":3}},"9":{"start":{"line":23,"column":2},"end":{"line":36,"column":3}},"10":{"start":{"line":24,"column":22},"end":{"line":24,"column":67}},"11":{"start":{"line":25,"column":4},"end":{"line":28,"column":5}},"12":{"start":{"line":26,"column":19},"end":{"line":26,"column":53}},"13":{"start":{"line":26,"column":45},"end":{"line":26,"column":52}},"14":{"start":{"line":27,"column":6},"end":{"line":27,"column":38}},"15":{"start":{"line":30,"column":35},"end":{"line":30,"column":43}},"16":{"start":{"line":31,"column":17},"end":{"line":31,"column":60}},"17":{"start":{"line":32,"column":18},"end":{"line":32,"column":35}},"18":{"start":{"line":33,"column":4},"end":{"line":33,"column":31}},"19":{"start":{"line":35,"column":4},"end":{"line":35,"column":21}},"20":{"start":{"line":49,"column":0},"end":{"line":63,"column":3}},"21":{"start":{"line":50,"column":2},"end":{"line":62,"column":3}},"22":{"start":{"line":51,"column":22},"end":{"line":51,"column":71}},"23":{"start":{"line":52,"column":4},"end":{"line":55,"column":5}},"24":{"start":{"line":53,"column":19},"end":{"line":53,"column":53}},"25":{"start":{"line":53,"column":45},"end":{"line":53,"column":52}},"26":{"start":{"line":54,"column":6},"end":{"line":54,"column":38}},"27":{"start":{"line":57,"column":20},"end":{"line":57,"column":73}},"28":{"start":{"line":58,"column":18},"end":{"line":58,"column":38}},"29":{"start":{"line":59,"column":4},"end":{"line":59,"column":43}},"30":{"start":{"line":61,"column":4},"end":{"line":61,"column":21}},"31":{"start":{"line":66,"column":0},"end":{"line":66,"column":24}}},"fnMap":{"0":{"name":"(anonymous_0)","decl":{"start":{"line":22,"column":22},"end":{"line":22,"column":23}},"loc":{"start":{"line":22,"column":54},"end":{"line":37,"column":1}},"line":22},"1":{"name":"(anonymous_1)","decl":{"start":{"line":26,"column":40},"end":{"line":26,"column":41}},"loc":{"start":{"line":26,"column":45},"end":{"line":26,"column":52}},"line":26},"2":{"name":"(anonymous_2)","decl":{"start":{"line":49,"column":25},"end":{"line":49,"column":26}},"loc":{"start":{"line":49,"column":57},"end":{"line":63,"column":1}},"line":49},"3":{"name":"(anonymous_3)","decl":{"start":{"line":53,"column":40},"end":{"line":53,"column":41}},"loc":{"start":{"line":53,"column":45},"end":{"line":53,"column":52}},"line":53}},"branchMap":{"0":{"loc":{"start":{"line":25,"column":4},"end":{"line":28,"column":5}},"type":"if","locations":[{"start":{"line":25,"column":4},"end":{"line":28,"column":5}},{"start":{"line":25,"column":4},"end":{"line":28,"column":5}}],"line":25},"1":{"loc":{"start":{"line":52,"column":4},"end":{"line":55,"column":5}},"type":"if","locations":[{"start":{"line":52,"column":4},"end":{"line":55,"column":5}},{"start":{"line":52,"column":4},"end":{"line":55,"column":5}}],"line":52}},"s":{"0":3,"1":3,"2":3,"3":3,"4":3,"5":3,"6":3,"7":3,"8":3,"9":5,"10":5,"11":5,"12":2,"13":2,"14":2,"15":3,"16":3,"17":1,"18":1,"19":4,"20":3,"21":3,"22":3,"23":3,"24":2,"25":5,"26":2,"27":1,"28":1,"29":1,"30":2,"31":3},"f":{"0":5,"1":2,"2":3,"3":5},"b":{"0":[2,3],"1":[2,1]},"_coverageSchema":"1a1c01bbd47fc00a2c39e90264f33305004495a9","hash":"fa9808589ab2c062bd2adb8f735ff34e3f126192"}
,"/Users/wayne12190/Desktop/express-jobly/routes/companies.js": {"path":"/Users/wayne12190/Desktop/express-jobly/routes/companies.js","statementMap":{"0":{"start":{"line":5,"column":19},"end":{"line":5,"column":40}},"1":{"start":{"line":6,"column":16},"end":{"line":6,"column":34}},"2":{"start":{"line":8,"column":28},"end":{"line":8,"column":54}},"3":{"start":{"line":9,"column":27},"end":{"line":9,"column":56}},"4":{"start":{"line":10,"column":16},"end":{"line":10,"column":44}},"5":{"start":{"line":12,"column":25},"end":{"line":12,"column":62}},"6":{"start":{"line":13,"column":28},"end":{"line":13,"column":68}},"7":{"start":{"line":15,"column":15},"end":{"line":15,"column":35}},"8":{"start":{"line":27,"column":0},"end":{"line":34,"column":3}},"9":{"start":{"line":28,"column":2},"end":{"line":33,"column":3}},"10":{"start":{"line":29,"column":22},"end":{"line":29,"column":45}},"11":{"start":{"line":30,"column":4},"end":{"line":30,"column":35}},"12":{"start":{"line":32,"column":4},"end":{"line":32,"column":21}},"13":{"start":{"line":44,"column":0},"end":{"line":51,"column":3}},"14":{"start":{"line":45,"column":2},"end":{"line":50,"column":3}},"15":{"start":{"line":46,"column":20},"end":{"line":46,"column":56}},"16":{"start":{"line":47,"column":4},"end":{"line":47,"column":33}},"17":{"start":{"line":49,"column":4},"end":{"line":49,"column":21}},"18":{"start":{"line":62,"column":0},"end":{"line":75,"column":3}},"19":{"start":{"line":63,"column":2},"end":{"line":74,"column":3}},"20":{"start":{"line":64,"column":22},"end":{"line":64,"column":69}},"21":{"start":{"line":65,"column":4},"end":{"line":68,"column":5}},"22":{"start":{"line":66,"column":19},"end":{"line":66,"column":53}},"23":{"start":{"line":66,"column":45},"end":{"line":66,"column":52}},"24":{"start":{"line":67,"column":6},"end":{"line":67,"column":38}},"25":{"start":{"line":70,"column":20},"end":{"line":70,"column":50}},"26":{"start":{"line":71,"column":4},"end":{"line":71,"column":45}},"27":{"start":{"line":73,"column":4},"end":{"line":73,"column":21}},"28":{"start":{"line":88,"column":0},"end":{"line":101,"column":3}},"29":{"start":{"line":89,"column":2},"end":{"line":100,"column":3}},"30":{"start":{"line":90,"column":22},"end":{"line":90,"column":72}},"31":{"start":{"line":91,"column":4},"end":{"line":94,"column":5}},"32":{"start":{"line":92,"column":19},"end":{"line":92,"column":53}},"33":{"start":{"line":92,"column":45},"end":{"line":92,"column":52}},"34":{"start":{"line":93,"column":6},"end":{"line":93,"column":38}},"35":{"start":{"line":96,"column":20},"end":{"line":96,"column":69}},"36":{"start":{"line":97,"column":4},"end":{"line":97,"column":33}},"37":{"start":{"line":99,"column":4},"end":{"line":99,"column":21}},"38":{"start":{"line":108,"column":0},"end":{"line":115,"column":3}},"39":{"start":{"line":109,"column":2},"end":{"line":114,"column":3}},"40":{"start":{"line":110,"column":4},"end":{"line":110,"column":44}},"41":{"start":{"line":111,"column":4},"end":{"line":111,"column":52}},"42":{"start":{"line":113,"column":4},"end":{"line":113,"column":21}},"43":{"start":{"line":118,"column":0},"end":{"line":118,"column":24}}},"fnMap":{"0":{"name":"(anonymous_0)","decl":{"start":{"line":27,"column":16},"end":{"line":27,"column":17}},"loc":{"start":{"line":27,"column":48},"end":{"line":34,"column":1}},"line":27},"1":{"name":"(anonymous_1)","decl":{"start":{"line":44,"column":23},"end":{"line":44,"column":24}},"loc":{"start":{"line":44,"column":55},"end":{"line":51,"column":1}},"line":44},"2":{"name":"(anonymous_2)","decl":{"start":{"line":62,"column":33},"end":{"line":62,"column":34}},"loc":{"start":{"line":62,"column":65},"end":{"line":75,"column":1}},"line":62},"3":{"name":"(anonymous_3)","decl":{"start":{"line":66,"column":40},"end":{"line":66,"column":41}},"loc":{"start":{"line":66,"column":45},"end":{"line":66,"column":52}},"line":66},"4":{"name":"(anonymous_4)","decl":{"start":{"line":88,"column":41},"end":{"line":88,"column":42}},"loc":{"start":{"line":88,"column":73},"end":{"line":101,"column":1}},"line":88},"5":{"name":"(anonymous_5)","decl":{"start":{"line":92,"column":40},"end":{"line":92,"column":41}},"loc":{"start":{"line":92,"column":45},"end":{"line":92,"column":52}},"line":92},"6":{"name":"(anonymous_6)","decl":{"start":{"line":108,"column":42},"end":{"line":108,"column":43}},"loc":{"start":{"line":108,"column":74},"end":{"line":115,"column":1}},"line":108}},"branchMap":{"0":{"loc":{"start":{"line":65,"column":4},"end":{"line":68,"column":5}},"type":"if","locations":[{"start":{"line":65,"column":4},"end":{"line":68,"column":5}},{"start":{"line":65,"column":4},"end":{"line":68,"column":5}}],"line":65},"1":{"loc":{"start":{"line":91,"column":4},"end":{"line":94,"column":5}},"type":"if","locations":[{"start":{"line":91,"column":4},"end":{"line":94,"column":5}},{"start":{"line":91,"column":4},"end":{"line":94,"column":5}}],"line":91}},"s":{"0":3,"1":3,"2":3,"3":3,"4":3,"5":3,"6":3,"7":3,"8":3,"9":2,"10":2,"11":1,"12":1,"13":3,"14":2,"15":2,"16":1,"17":1,"18":3,"19":3,"20":3,"21":3,"22":2,"23":3,"24":2,"25":1,"26":1,"27":2,"28":3,"29":3,"30":3,"31":3,"32":2,"33":2,"34":2,"35":1,"36":1,"37":2,"38":3,"39":2,"40":2,"41":1,"42":1,"43":3},"f":{"0":2,"1":2,"2":3,"3":3,"4":3,"5":2,"6":2},"b":{"0":[2,1],"1":[2,1]},"_coverageSchema":"1a1c01bbd47fc00a2c39e90264f33305004495a9","hash":"7dadba7e5ae98f360b90f6684f3b520b2b330e75"}
}
