{"D:\\rithm\\week_7\\express-jobly\\app.js": {"path":"D:\\rithm\\week_7\\express-jobly\\app.js","statementMap":{"0":{"start":{"line":6,"column":16},"end":{"line":6,"column":34}},"1":{"start":{"line":7,"column":24},"end":{"line":7,"column":53}},"2":{"start":{"line":8,"column":19},"end":{"line":8,"column":43}},"3":{"start":{"line":9,"column":15},"end":{"line":9,"column":32}},"4":{"start":{"line":10,"column":26},"end":{"line":10,"column":51}},"5":{"start":{"line":11,"column":28},"end":{"line":11,"column":56}},"6":{"start":{"line":13,"column":12},"end":{"line":13,"column":21}},"7":{"start":{"line":17,"column":0},"end":{"line":17,"column":24}},"8":{"start":{"line":18,"column":0},"end":{"line":18,"column":24}},"9":{"start":{"line":19,"column":0},"end":{"line":19,"column":25}},"10":{"start":{"line":22,"column":0},"end":{"line":22,"column":39}},"11":{"start":{"line":23,"column":0},"end":{"line":23,"column":29}},"12":{"start":{"line":28,"column":0},"end":{"line":30,"column":3}},"13":{"start":{"line":29,"column":2},"end":{"line":29,"column":35}},"14":{"start":{"line":33,"column":0},"end":{"line":41,"column":3}},"15":{"start":{"line":34,"column":2},"end":{"line":34,"column":64}},"16":{"start":{"line":34,"column":39},"end":{"line":34,"column":64}},"17":{"start":{"line":35,"column":17},"end":{"line":35,"column":34}},"18":{"start":{"line":36,"column":18},"end":{"line":36,"column":29}},"19":{"start":{"line":38,"column":2},"end":{"line":40,"column":5}},"20":{"start":{"line":45,"column":0},"end":{"line":45,"column":21}}},"fnMap":{"0":{"name":"(anonymous_0)","decl":{"start":{"line":28,"column":8},"end":{"line":28,"column":9}},"loc":{"start":{"line":28,"column":34},"end":{"line":30,"column":1}},"line":28},"1":{"name":"(anonymous_1)","decl":{"start":{"line":33,"column":8},"end":{"line":33,"column":9}},"loc":{"start":{"line":33,"column":39},"end":{"line":41,"column":1}},"line":33}},"branchMap":{"0":{"loc":{"start":{"line":34,"column":2},"end":{"line":34,"column":64}},"type":"if","locations":[{"start":{"line":34,"column":2},"end":{"line":34,"column":64}},{"start":{"line":34,"column":2},"end":{"line":34,"column":64}}],"line":34},"1":{"loc":{"start":{"line":35,"column":17},"end":{"line":35,"column":34}},"type":"binary-expr","locations":[{"start":{"line":35,"column":17},"end":{"line":35,"column":27}},{"start":{"line":35,"column":31},"end":{"line":35,"column":34}}],"line":35}},"s":{"0":4,"1":4,"2":4,"3":4,"4":4,"5":4,"6":4,"7":4,"8":4,"9":4,"10":4,"11":4,"12":4,"13":1,"14":4,"15":17,"16":0,"17":17,"18":17,"19":17,"20":4},"f":{"0":1,"1":17},"b":{"0":[0,17],"1":[17,1]},"_coverageSchema":"1a1c01bbd47fc00a2c39e90264f33305004495a9","hash":"f3e1b2765ed394969771f71cdd5de2dd37610ec2"}
,"D:\\rithm\\week_7\\express-jobly\\config.js": {"path":"D:\\rithm\\week_7\\express-jobly\\config.js","statementMap":{"0":{"start":{"line":5,"column":0},"end":{"line":5,"column":27}},"1":{"start":{"line":7,"column":19},"end":{"line":7,"column":57}},"2":{"start":{"line":9,"column":13},"end":{"line":9,"column":38}},"3":{"start":{"line":17,"column":15},"end":{"line":19,"column":75}},"4":{"start":{"line":24,"column":27},"end":{"line":24,"column":67}},"5":{"start":{"line":27,"column":0},"end":{"line":32,"column":2}}},"fnMap":{},"branchMap":{"0":{"loc":{"start":{"line":7,"column":19},"end":{"line":7,"column":57}},"type":"binary-expr","locations":[{"start":{"line":7,"column":19},"end":{"line":7,"column":41}},{"start":{"line":7,"column":45},"end":{"line":7,"column":57}}],"line":7},"1":{"loc":{"start":{"line":9,"column":13},"end":{"line":9,"column":38}},"type":"binary-expr","locations":[{"start":{"line":9,"column":13},"end":{"line":9,"column":30}},{"start":{"line":9,"column":34},"end":{"line":9,"column":38}}],"line":9},"2":{"loc":{"start":{"line":17,"column":15},"end":{"line":19,"column":75}},"type":"cond-expr","locations":[{"start":{"line":18,"column":4},"end":{"line":18,"column":52}},{"start":{"line":19,"column":4},"end":{"line":19,"column":75}}],"line":17},"3":{"loc":{"start":{"line":19,"column":4},"end":{"line":19,"column":75}},"type":"binary-expr","locations":[{"start":{"line":19,"column":4},"end":{"line":19,"column":28}},{"start":{"line":19,"column":32},"end":{"line":19,"column":75}}],"line":19},"4":{"loc":{"start":{"line":24,"column":27},"end":{"line":24,"column":67}},"type":"cond-expr","locations":[{"start":{"line":24,"column":61},"end":{"line":24,"column":62}},{"start":{"line":24,"column":65},"end":{"line":24,"column":67}}],"line":24}},"s":{"0":7,"1":7,"2":7,"3":7,"4":7,"5":7},"f":{},"b":{"0":[7,7],"1":[7,7],"2":[7,0],"3":[0,0],"4":[7,0]},"_coverageSchema":"1a1c01bbd47fc00a2c39e90264f33305004495a9","hash":"f0a1f7ad2631c14e4652d5f685352ea2c2cb20d2"}
,"D:\\rithm\\week_7\\express-jobly\\db.js": {"path":"D:\\rithm\\week_7\\express-jobly\\db.js","statementMap":{"0":{"start":{"line":5,"column":19},"end":{"line":5,"column":32}},"1":{"start":{"line":6,"column":19},"end":{"line":6,"column":38}},"2":{"start":{"line":8,"column":11},"end":{"line":10,"column":2}},"3":{"start":{"line":12,"column":0},"end":{"line":12,"column":13}},"4":{"start":{"line":14,"column":0},"end":{"line":14,"column":20}}},"fnMap":{},"branchMap":{},"s":{"0":6,"1":6,"2":6,"3":6,"4":6},"f":{},"b":{},"_coverageSchema":"1a1c01bbd47fc00a2c39e90264f33305004495a9","hash":"7e05fe46009b43d2965ca932f7368d2ba2f2814e"}
,"D:\\rithm\\week_7\\express-jobly\\expressError.js": {"path":"D:\\rithm\\week_7\\express-jobly\\expressError.js","statementMap":{"0":{"start":{"line":9,"column":4},"end":{"line":9,"column":12}},"1":{"start":{"line":10,"column":4},"end":{"line":10,"column":27}},"2":{"start":{"line":11,"column":4},"end":{"line":11,"column":25}},"3":{"start":{"line":19,"column":4},"end":{"line":19,"column":24}},"4":{"start":{"line":27,"column":4},"end":{"line":27,"column":24}},"5":{"start":{"line":35,"column":4},"end":{"line":35,"column":24}},"6":{"start":{"line":43,"column":4},"end":{"line":43,"column":24}},"7":{"start":{"line":47,"column":0},"end":{"line":53,"column":2}}},"fnMap":{"0":{"name":"(anonymous_0)","decl":{"start":{"line":8,"column":2},"end":{"line":8,"column":3}},"loc":{"start":{"line":8,"column":31},"end":{"line":12,"column":3}},"line":8},"1":{"name":"(anonymous_1)","decl":{"start":{"line":18,"column":2},"end":{"line":18,"column":3}},"loc":{"start":{"line":18,"column":37},"end":{"line":20,"column":3}},"line":18},"2":{"name":"(anonymous_2)","decl":{"start":{"line":26,"column":2},"end":{"line":26,"column":3}},"loc":{"start":{"line":26,"column":40},"end":{"line":28,"column":3}},"line":26},"3":{"name":"(anonymous_3)","decl":{"start":{"line":34,"column":2},"end":{"line":34,"column":3}},"loc":{"start":{"line":34,"column":39},"end":{"line":36,"column":3}},"line":34},"4":{"name":"(anonymous_4)","decl":{"start":{"line":42,"column":2},"end":{"line":42,"column":3}},"loc":{"start":{"line":42,"column":39},"end":{"line":44,"column":3}},"line":42}},"branchMap":{"0":{"loc":{"start":{"line":18,"column":14},"end":{"line":18,"column":35}},"type":"default-arg","locations":[{"start":{"line":18,"column":24},"end":{"line":18,"column":35}}],"line":18},"1":{"loc":{"start":{"line":26,"column":14},"end":{"line":26,"column":38}},"type":"default-arg","locations":[{"start":{"line":26,"column":24},"end":{"line":26,"column":38}}],"line":26},"2":{"loc":{"start":{"line":34,"column":14},"end":{"line":34,"column":37}},"type":"default-arg","locations":[{"start":{"line":34,"column":24},"end":{"line":34,"column":37}}],"line":34},"3":{"loc":{"start":{"line":42,"column":14},"end":{"line":42,"column":37}},"type":"default-arg","locations":[{"start":{"line":42,"column":24},"end":{"line":42,"column":37}}],"line":42}},"s":{"0":27,"1":27,"2":27,"3":6,"4":8,"5":13,"6":0,"7":7},"f":{"0":27,"1":6,"2":8,"3":13,"4":0},"b":{"0":[1],"1":[4],"2":[1],"3":[0]},"_coverageSchema":"1a1c01bbd47fc00a2c39e90264f33305004495a9","hash":"8407619e7e3a89374a8b21044ef2b12e56a39951"}
,"D:\\rithm\\week_7\\express-jobly\\helpers\\sql.js": {"path":"D:\\rithm\\week_7\\express-jobly\\helpers\\sql.js","statementMap":{"0":{"start":{"line":2,"column":28},"end":{"line":2,"column":54}},"1":{"start":{"line":17,"column":2},"end":{"line":17,"column":154}},"2":{"start":{"line":17,"column":106},"end":{"line":17,"column":154}},"3":{"start":{"line":19,"column":15},"end":{"line":20,"column":41}},"4":{"start":{"line":20,"column":20},"end":{"line":20,"column":40}},"5":{"start":{"line":23,"column":2},"end":{"line":27,"column":4}},"6":{"start":{"line":30,"column":0},"end":{"line":30,"column":39}}},"fnMap":{"0":{"name":"sqlForPartialUpdate","decl":{"start":{"line":16,"column":9},"end":{"line":16,"column":28}},"loc":{"start":{"line":16,"column":48},"end":{"line":28,"column":1}},"line":16},"1":{"name":"(anonymous_1)","decl":{"start":{"line":20,"column":6},"end":{"line":20,"column":7}},"loc":{"start":{"line":20,"column":20},"end":{"line":20,"column":40}},"line":20}},"branchMap":{"0":{"loc":{"start":{"line":16,"column":29},"end":{"line":16,"column":46}},"type":"default-arg","locations":[{"start":{"line":16,"column":44},"end":{"line":16,"column":46}}],"line":16},"1":{"loc":{"start":{"line":17,"column":2},"end":{"line":17,"column":154}},"type":"if","locations":[{"start":{"line":17,"column":2},"end":{"line":17,"column":154}},{"start":{"line":17,"column":2},"end":{"line":17,"column":154}}],"line":17},"2":{"loc":{"start":{"line":17,"column":6},"end":{"line":17,"column":104}},"type":"binary-expr","locations":[{"start":{"line":17,"column":6},"end":{"line":17,"column":62}},{"start":{"line":17,"column":66},"end":{"line":17,"column":104}}],"line":17}},"s":{"0":5,"1":6,"2":2,"3":4,"4":6,"5":4,"6":5},"f":{"0":6,"1":6},"b":{"0":[1],"1":[2,4],"2":[6,5]},"_coverageSchema":"1a1c01bbd47fc00a2c39e90264f33305004495a9","hash":"d770407d8697a3a261c7c48fd32d49d5a828b04d"}
,"D:\\rithm\\week_7\\express-jobly\\helpers\\tokens.js": {"path":"D:\\rithm\\week_7\\express-jobly\\helpers\\tokens.js","statementMap":{"0":{"start":{"line":1,"column":12},"end":{"line":1,"column":35}},"1":{"start":{"line":2,"column":23},"end":{"line":2,"column":43}},"2":{"start":{"line":7,"column":2},"end":{"line":8,"column":59}},"3":{"start":{"line":10,"column":16},"end":{"line":13,"column":3}},"4":{"start":{"line":15,"column":2},"end":{"line":15,"column":39}},"5":{"start":{"line":18,"column":0},"end":{"line":18,"column":33}}},"fnMap":{"0":{"name":"createToken","decl":{"start":{"line":6,"column":9},"end":{"line":6,"column":20}},"loc":{"start":{"line":6,"column":27},"end":{"line":16,"column":1}},"line":6}},"branchMap":{"0":{"loc":{"start":{"line":12,"column":14},"end":{"line":12,"column":36}},"type":"binary-expr","locations":[{"start":{"line":12,"column":14},"end":{"line":12,"column":27}},{"start":{"line":12,"column":31},"end":{"line":12,"column":36}}],"line":12}},"s":{"0":4,"1":4,"2":6,"3":6,"4":6,"5":4},"f":{"0":6},"b":{"0":[6,4]},"_coverageSchema":"1a1c01bbd47fc00a2c39e90264f33305004495a9","hash":"835aa31ba5da071512479cf33a361c8457dbc6db"}
,"D:\\rithm\\week_7\\express-jobly\\middleware\\auth.js": {"path":"D:\\rithm\\week_7\\express-jobly\\middleware\\auth.js","statementMap":{"0":{"start":{"line":5,"column":12},"end":{"line":5,"column":35}},"1":{"start":{"line":6,"column":23},"end":{"line":6,"column":43}},"2":{"start":{"line":7,"column":30},"end":{"line":7,"column":56}},"3":{"start":{"line":21,"column":2},"end":{"line":30,"column":3}},"4":{"start":{"line":22,"column":18},"end":{"line":22,"column":33}},"5":{"start":{"line":24,"column":4},"end":{"line":24,"column":27}},"6":{"start":{"line":25,"column":4},"end":{"line":25,"column":63}},"7":{"start":{"line":25,"column":15},"end":{"line":25,"column":63}},"8":{"start":{"line":26,"column":4},"end":{"line":26,"column":18}},"9":{"start":{"line":28,"column":4},"end":{"line":28,"column":51}},"10":{"start":{"line":29,"column":4},"end":{"line":29,"column":18}},"11":{"start":{"line":42,"column":2},"end":{"line":42,"column":54}},"12":{"start":{"line":42,"column":24},"end":{"line":42,"column":54}},"13":{"start":{"line":49,"column":2},"end":{"line":54,"column":3}},"14":{"start":{"line":50,"column":4},"end":{"line":50,"column":30}},"15":{"start":{"line":51,"column":4},"end":{"line":51,"column":18}},"16":{"start":{"line":53,"column":4},"end":{"line":53,"column":21}},"17":{"start":{"line":66,"column":2},"end":{"line":66,"column":63}},"18":{"start":{"line":66,"column":33},"end":{"line":66,"column":63}},"19":{"start":{"line":73,"column":2},"end":{"line":78,"column":3}},"20":{"start":{"line":74,"column":4},"end":{"line":74,"column":27}},"21":{"start":{"line":75,"column":4},"end":{"line":75,"column":18}},"22":{"start":{"line":77,"column":4},"end":{"line":77,"column":21}},"23":{"start":{"line":82,"column":0},"end":{"line":88,"column":2}}},"fnMap":{"0":{"name":"authenticateJWT","decl":{"start":{"line":20,"column":9},"end":{"line":20,"column":24}},"loc":{"start":{"line":20,"column":41},"end":{"line":31,"column":1}},"line":20},"1":{"name":"_ensureLoggedIn","decl":{"start":{"line":41,"column":9},"end":{"line":41,"column":24}},"loc":{"start":{"line":41,"column":35},"end":{"line":43,"column":1}},"line":41},"2":{"name":"ensureLoggedIn","decl":{"start":{"line":48,"column":9},"end":{"line":48,"column":23}},"loc":{"start":{"line":48,"column":40},"end":{"line":55,"column":1}},"line":48},"3":{"name":"_ensureAdmin","decl":{"start":{"line":65,"column":9},"end":{"line":65,"column":21}},"loc":{"start":{"line":65,"column":32},"end":{"line":67,"column":1}},"line":65},"4":{"name":"ensureAdmin","decl":{"start":{"line":72,"column":9},"end":{"line":72,"column":20}},"loc":{"start":{"line":72,"column":37},"end":{"line":79,"column":1}},"line":72}},"branchMap":{"0":{"loc":{"start":{"line":25,"column":4},"end":{"line":25,"column":63}},"type":"if","locations":[{"start":{"line":25,"column":4},"end":{"line":25,"column":63}},{"start":{"line":25,"column":4},"end":{"line":25,"column":63}}],"line":25},"1":{"loc":{"start":{"line":42,"column":2},"end":{"line":42,"column":54}},"type":"if","locations":[{"start":{"line":42,"column":2},"end":{"line":42,"column":54}},{"start":{"line":42,"column":2},"end":{"line":42,"column":54}}],"line":42},"2":{"loc":{"start":{"line":66,"column":2},"end":{"line":66,"column":63}},"type":"if","locations":[{"start":{"line":66,"column":2},"end":{"line":66,"column":63}},{"start":{"line":66,"column":2},"end":{"line":66,"column":63}}],"line":66}},"s":{"0":5,"1":5,"2":5,"3":27,"4":27,"5":27,"6":27,"7":11,"8":26,"9":1,"10":1,"11":13,"12":4,"13":11,"14":11,"15":8,"16":3,"17":10,"18":0,"19":8,"20":8,"21":8,"22":0,"23":5},"f":{"0":27,"1":13,"2":11,"3":10,"4":8},"b":{"0":[11,16],"1":[4,9],"2":[0,9]},"_coverageSchema":"1a1c01bbd47fc00a2c39e90264f33305004495a9","hash":"1b1474cb02e6e38c343e95ca5edc39ed27b29573"}
,"D:\\rithm\\week_7\\express-jobly\\models\\_testCommon.js": {"path":"D:\\rithm\\week_7\\express-jobly\\models\\_testCommon.js","statementMap":{"0":{"start":{"line":1,"column":15},"end":{"line":1,"column":32}},"1":{"start":{"line":3,"column":11},"end":{"line":3,"column":30}},"2":{"start":{"line":4,"column":31},"end":{"line":4,"column":51}},"3":{"start":{"line":9,"column":2},"end":{"line":9,"column":42}},"4":{"start":{"line":11,"column":2},"end":{"line":11,"column":38}},"5":{"start":{"line":13,"column":2},"end":{"line":17,"column":55}},"6":{"start":{"line":19,"column":22},"end":{"line":22,"column":3}},"7":{"start":{"line":24,"column":2},"end":{"line":32,"column":25}},"8":{"start":{"line":36,"column":2},"end":{"line":36,"column":26}},"9":{"start":{"line":40,"column":2},"end":{"line":40,"column":29}},"10":{"start":{"line":44,"column":2},"end":{"line":44,"column":17}},"11":{"start":{"line":48,"column":0},"end":{"line":53,"column":2}}},"fnMap":{"0":{"name":"commonBeforeAll","decl":{"start":{"line":7,"column":15},"end":{"line":7,"column":30}},"loc":{"start":{"line":7,"column":33},"end":{"line":33,"column":1}},"line":7},"1":{"name":"commonBeforeEach","decl":{"start":{"line":35,"column":15},"end":{"line":35,"column":31}},"loc":{"start":{"line":35,"column":34},"end":{"line":37,"column":1}},"line":35},"2":{"name":"commonAfterEach","decl":{"start":{"line":39,"column":15},"end":{"line":39,"column":30}},"loc":{"start":{"line":39,"column":33},"end":{"line":41,"column":1}},"line":39},"3":{"name":"commonAfterAll","decl":{"start":{"line":43,"column":15},"end":{"line":43,"column":29}},"loc":{"start":{"line":43,"column":32},"end":{"line":45,"column":1}},"line":43}},"branchMap":{},"s":{"0":2,"1":2,"2":2,"3":2,"4":2,"5":2,"6":2,"7":2,"8":22,"9":22,"10":2,"11":2},"f":{"0":2,"1":22,"2":22,"3":2},"b":{},"_coverageSchema":"1a1c01bbd47fc00a2c39e90264f33305004495a9","hash":"0a58c97af2182f5e2de49ef964769c7e7493ab1e"}
,"D:\\rithm\\week_7\\express-jobly\\models\\company.js": {"path":"D:\\rithm\\week_7\\express-jobly\\models\\company.js","statementMap":{"0":{"start":{"line":3,"column":11},"end":{"line":3,"column":27}},"1":{"start":{"line":4,"column":43},"end":{"line":4,"column":69}},"2":{"start":{"line":5,"column":32},"end":{"line":5,"column":57}},"3":{"start":{"line":6,"column":12},"end":{"line":6,"column":37}},"4":{"start":{"line":16,"column":4},"end":{"line":16,"column":38}},"5":{"start":{"line":17,"column":24},"end":{"line":17,"column":26}},"6":{"start":{"line":18,"column":24},"end":{"line":18,"column":26}},"7":{"start":{"line":20,"column":23},"end":{"line":20,"column":25}},"8":{"start":{"line":21,"column":27},"end":{"line":21,"column":32}},"9":{"start":{"line":22,"column":18},"end":{"line":22,"column":19}},"10":{"start":{"line":25,"column":4},"end":{"line":25,"column":95}},"11":{"start":{"line":25,"column":67},"end":{"line":25,"column":95}},"12":{"start":{"line":28,"column":4},"end":{"line":28,"column":74}},"13":{"start":{"line":28,"column":50},"end":{"line":28,"column":74}},"14":{"start":{"line":31,"column":4},"end":{"line":44,"column":5}},"15":{"start":{"line":32,"column":6},"end":{"line":43,"column":7}},"16":{"start":{"line":33,"column":8},"end":{"line":33,"column":72}},"17":{"start":{"line":34,"column":8},"end":{"line":34,"column":65}},"18":{"start":{"line":35,"column":8},"end":{"line":35,"column":32}},"19":{"start":{"line":37,"column":11},"end":{"line":43,"column":7}},"20":{"start":{"line":38,"column":31},"end":{"line":38,"column":75}},"21":{"start":{"line":39,"column":8},"end":{"line":39,"column":73}},"22":{"start":{"line":40,"column":8},"end":{"line":40,"column":51}},"23":{"start":{"line":41,"column":8},"end":{"line":41,"column":65}},"24":{"start":{"line":42,"column":8},"end":{"line":42,"column":31}},"25":{"start":{"line":46,"column":20},"end":{"line":50,"column":21}},"26":{"start":{"line":52,"column":4},"end":{"line":52,"column":24}},"27":{"start":{"line":63,"column":23},"end":{"line":67,"column":15}},"28":{"start":{"line":69,"column":20},"end":{"line":69,"column":38}},"29":{"start":{"line":71,"column":4},"end":{"line":71,"column":67}},"30":{"start":{"line":71,"column":18},"end":{"line":71,"column":67}},"31":{"start":{"line":73,"column":4},"end":{"line":73,"column":19}},"32":{"start":{"line":86,"column":27},"end":{"line":90,"column":15}},"33":{"start":{"line":92,"column":4},"end":{"line":93,"column":64}},"34":{"start":{"line":93,"column":6},"end":{"line":93,"column":64}},"35":{"start":{"line":95,"column":19},"end":{"line":107,"column":5}},"36":{"start":{"line":108,"column":20},"end":{"line":108,"column":34}},"37":{"start":{"line":110,"column":4},"end":{"line":110,"column":19}},"38":{"start":{"line":126,"column":4},"end":{"line":126,"column":77}},"39":{"start":{"line":126,"column":40},"end":{"line":126,"column":77}},"40":{"start":{"line":128,"column":32},"end":{"line":128,"column":57}},"41":{"start":{"line":129,"column":25},"end":{"line":129,"column":50}},"42":{"start":{"line":131,"column":21},"end":{"line":138,"column":41}},"43":{"start":{"line":139,"column":19},"end":{"line":139,"column":64}},"44":{"start":{"line":140,"column":20},"end":{"line":140,"column":34}},"45":{"start":{"line":142,"column":4},"end":{"line":142,"column":67}},"46":{"start":{"line":142,"column":18},"end":{"line":142,"column":67}},"47":{"start":{"line":144,"column":4},"end":{"line":144,"column":19}},"48":{"start":{"line":153,"column":19},"end":{"line":158,"column":15}},"49":{"start":{"line":159,"column":20},"end":{"line":159,"column":34}},"50":{"start":{"line":161,"column":4},"end":{"line":161,"column":67}},"51":{"start":{"line":161,"column":18},"end":{"line":161,"column":67}},"52":{"start":{"line":166,"column":0},"end":{"line":166,"column":25}}},"fnMap":{"0":{"name":"(anonymous_0)","decl":{"start":{"line":15,"column":2},"end":{"line":15,"column":3}},"loc":{"start":{"line":15,"column":54},"end":{"line":53,"column":3}},"line":15},"1":{"name":"(anonymous_1)","decl":{"start":{"line":62,"column":2},"end":{"line":62,"column":3}},"loc":{"start":{"line":62,"column":27},"end":{"line":74,"column":3}},"line":62},"2":{"name":"(anonymous_2)","decl":{"start":{"line":85,"column":2},"end":{"line":85,"column":3}},"loc":{"start":{"line":85,"column":78},"end":{"line":111,"column":3}},"line":85},"3":{"name":"(anonymous_3)","decl":{"start":{"line":125,"column":2},"end":{"line":125,"column":3}},"loc":{"start":{"line":125,"column":36},"end":{"line":145,"column":3}},"line":125},"4":{"name":"(anonymous_4)","decl":{"start":{"line":152,"column":2},"end":{"line":152,"column":3}},"loc":{"start":{"line":152,"column":30},"end":{"line":162,"column":3}},"line":152}},"branchMap":{"0":{"loc":{"start":{"line":15,"column":33},"end":{"line":15,"column":52}},"type":"default-arg","locations":[{"start":{"line":15,"column":50},"end":{"line":15,"column":52}}],"line":15},"1":{"loc":{"start":{"line":25,"column":4},"end":{"line":25,"column":95}},"type":"if","locations":[{"start":{"line":25,"column":4},"end":{"line":25,"column":95}},{"start":{"line":25,"column":4},"end":{"line":25,"column":95}}],"line":25},"2":{"loc":{"start":{"line":28,"column":4},"end":{"line":28,"column":74}},"type":"if","locations":[{"start":{"line":28,"column":4},"end":{"line":28,"column":74}},{"start":{"line":28,"column":4},"end":{"line":28,"column":74}}],"line":28},"3":{"loc":{"start":{"line":32,"column":6},"end":{"line":43,"column":7}},"type":"if","locations":[{"start":{"line":32,"column":6},"end":{"line":43,"column":7}},{"start":{"line":32,"column":6},"end":{"line":43,"column":7}}],"line":32},"4":{"loc":{"start":{"line":37,"column":11},"end":{"line":43,"column":7}},"type":"if","locations":[{"start":{"line":37,"column":11},"end":{"line":43,"column":7}},{"start":{"line":37,"column":11},"end":{"line":43,"column":7}}],"line":37},"5":{"loc":{"start":{"line":38,"column":31},"end":{"line":38,"column":75}},"type":"cond-expr","locations":[{"start":{"line":38,"column":64},"end":{"line":38,"column":68}},{"start":{"line":38,"column":71},"end":{"line":38,"column":75}}],"line":38},"6":{"loc":{"start":{"line":41,"column":24},"end":{"line":41,"column":65}},"type":"cond-expr","locations":[{"start":{"line":41,"column":43},"end":{"line":41,"column":45}},{"start":{"line":41,"column":48},"end":{"line":41,"column":65}}],"line":41},"7":{"loc":{"start":{"line":48,"column":14},"end":{"line":48,"column":84}},"type":"cond-expr","locations":[{"start":{"line":48,"column":41},"end":{"line":48,"column":43}},{"start":{"line":48,"column":47},"end":{"line":48,"column":83}}],"line":48},"8":{"loc":{"start":{"line":71,"column":4},"end":{"line":71,"column":67}},"type":"if","locations":[{"start":{"line":71,"column":4},"end":{"line":71,"column":67}},{"start":{"line":71,"column":4},"end":{"line":71,"column":67}}],"line":71},"9":{"loc":{"start":{"line":92,"column":4},"end":{"line":93,"column":64}},"type":"if","locations":[{"start":{"line":92,"column":4},"end":{"line":93,"column":64}},{"start":{"line":92,"column":4},"end":{"line":93,"column":64}}],"line":92},"10":{"loc":{"start":{"line":126,"column":4},"end":{"line":126,"column":77}},"type":"if","locations":[{"start":{"line":126,"column":4},"end":{"line":126,"column":77}},{"start":{"line":126,"column":4},"end":{"line":126,"column":77}}],"line":126},"11":{"loc":{"start":{"line":142,"column":4},"end":{"line":142,"column":67}},"type":"if","locations":[{"start":{"line":142,"column":4},"end":{"line":142,"column":67}},{"start":{"line":142,"column":4},"end":{"line":142,"column":67}}],"line":142},"12":{"loc":{"start":{"line":161,"column":4},"end":{"line":161,"column":67}},"type":"if","locations":[{"start":{"line":161,"column":4},"end":{"line":161,"column":67}},{"start":{"line":161,"column":4},"end":{"line":161,"column":67}}],"line":161}},"s":{"0":5,"1":5,"2":5,"3":5,"4":8,"5":8,"6":8,"7":8,"8":8,"9":8,"10":8,"11":1,"12":7,"13":3,"14":7,"15":6,"16":2,"17":2,"18":2,"19":4,"20":4,"21":4,"22":4,"23":4,"24":4,"25":7,"26":6,"27":4,"28":4,"29":4,"30":2,"31":2,"32":9,"33":9,"34":1,"35":8,"36":8,"37":8,"38":4,"39":1,"40":3,"41":3,"42":3,"43":3,"44":3,"45":3,"46":1,"47":2,"48":4,"49":4,"50":4,"51":2,"52":5},"f":{"0":8,"1":4,"2":9,"3":4,"4":4},"b":{"0":[1],"1":[1,7],"2":[3,4],"3":[2,4],"4":[4,0],"5":[2,2],"6":[1,3],"7":[3,4],"8":[2,2],"9":[1,8],"10":[1,3],"11":[1,2],"12":[2,2]},"_coverageSchema":"1a1c01bbd47fc00a2c39e90264f33305004495a9","hash":"1d10c646268e083541f0861aabacec7e9c81e0b4"}
,"D:\\rithm\\week_7\\express-jobly\\models\\user.js": {"path":"D:\\rithm\\week_7\\express-jobly\\models\\user.js","statementMap":{"0":{"start":{"line":3,"column":11},"end":{"line":3,"column":27}},"1":{"start":{"line":4,"column":15},"end":{"line":4,"column":32}},"2":{"start":{"line":8,"column":4},"end":{"line":8,"column":30}},"3":{"start":{"line":10,"column":31},"end":{"line":10,"column":54}},"4":{"start":{"line":24,"column":19},"end":{"line":34,"column":5}},"5":{"start":{"line":36,"column":17},"end":{"line":36,"column":31}},"6":{"start":{"line":38,"column":4},"end":{"line":45,"column":5}},"7":{"start":{"line":40,"column":22},"end":{"line":40,"column":67}},"8":{"start":{"line":41,"column":6},"end":{"line":44,"column":7}},"9":{"start":{"line":42,"column":8},"end":{"line":42,"column":29}},"10":{"start":{"line":43,"column":8},"end":{"line":43,"column":20}},"11":{"start":{"line":47,"column":4},"end":{"line":47,"column":61}},"12":{"start":{"line":59,"column":27},"end":{"line":64,"column":5}},"13":{"start":{"line":66,"column":4},"end":{"line":68,"column":5}},"14":{"start":{"line":67,"column":6},"end":{"line":67,"column":72}},"15":{"start":{"line":70,"column":27},"end":{"line":70,"column":74}},"16":{"start":{"line":72,"column":19},"end":{"line":90,"column":5}},"17":{"start":{"line":92,"column":17},"end":{"line":92,"column":31}},"18":{"start":{"line":94,"column":4},"end":{"line":94,"column":16}},"19":{"start":{"line":98,"column":0},"end":{"line":98,"column":22}}},"fnMap":{"0":{"name":"(anonymous_0)","decl":{"start":{"line":22,"column":2},"end":{"line":22,"column":3}},"loc":{"start":{"line":22,"column":48},"end":{"line":48,"column":3}},"line":22},"1":{"name":"(anonymous_1)","decl":{"start":{"line":57,"column":2},"end":{"line":57,"column":3}},"loc":{"start":{"line":58,"column":70},"end":{"line":95,"column":3}},"line":58}},"branchMap":{"0":{"loc":{"start":{"line":38,"column":4},"end":{"line":45,"column":5}},"type":"if","locations":[{"start":{"line":38,"column":4},"end":{"line":45,"column":5}},{"start":{"line":38,"column":4},"end":{"line":45,"column":5}}],"line":38},"1":{"loc":{"start":{"line":41,"column":6},"end":{"line":44,"column":7}},"type":"if","locations":[{"start":{"line":41,"column":6},"end":{"line":44,"column":7}},{"start":{"line":41,"column":6},"end":{"line":44,"column":7}}],"line":41},"2":{"loc":{"start":{"line":66,"column":4},"end":{"line":68,"column":5}},"type":"if","locations":[{"start":{"line":66,"column":4},"end":{"line":68,"column":5}},{"start":{"line":66,"column":4},"end":{"line":68,"column":5}}],"line":66}},"s":{"0":5,"1":5,"2":5,"3":5,"4":6,"5":6,"6":6,"7":4,"8":4,"9":2,"10":2,"11":4,"12":13,"13":13,"14":1,"15":12,"16":12,"17":11,"18":11,"19":5},"f":{"0":6,"1":13},"b":{"0":[4,2],"1":[2,2],"2":[1,12]},"_coverageSchema":"1a1c01bbd47fc00a2c39e90264f33305004495a9","hash":"7cfad4e227a291ec7eeb5bb4e993a94c077367ff"}
,"D:\\rithm\\week_7\\express-jobly\\routes\\_testCommon.js": {"path":"D:\\rithm\\week_7\\express-jobly\\routes\\_testCommon.js","statementMap":{"0":{"start":{"line":3,"column":11},"end":{"line":3,"column":30}},"1":{"start":{"line":4,"column":13},"end":{"line":4,"column":38}},"2":{"start":{"line":5,"column":16},"end":{"line":5,"column":44}},"3":{"start":{"line":6,"column":24},"end":{"line":6,"column":52}},"4":{"start":{"line":10,"column":2},"end":{"line":10,"column":38}},"5":{"start":{"line":12,"column":2},"end":{"line":12,"column":42}},"6":{"start":{"line":14,"column":2},"end":{"line":15,"column":76}},"7":{"start":{"line":16,"column":2},"end":{"line":17,"column":76}},"8":{"start":{"line":18,"column":2},"end":{"line":19,"column":76}},"9":{"start":{"line":21,"column":2},"end":{"line":28,"column":5}},"10":{"start":{"line":29,"column":2},"end":{"line":36,"column":5}},"11":{"start":{"line":37,"column":2},"end":{"line":44,"column":5}},"12":{"start":{"line":46,"column":2},"end":{"line":53,"column":5}},"13":{"start":{"line":57,"column":2},"end":{"line":57,"column":26}},"14":{"start":{"line":61,"column":2},"end":{"line":61,"column":29}},"15":{"start":{"line":65,"column":2},"end":{"line":65,"column":17}},"16":{"start":{"line":69,"column":16},"end":{"line":69,"column":64}},"17":{"start":{"line":70,"column":19},"end":{"line":70,"column":66}},"18":{"start":{"line":72,"column":0},"end":{"line":79,"column":2}}},"fnMap":{"0":{"name":"commonBeforeAll","decl":{"start":{"line":8,"column":15},"end":{"line":8,"column":30}},"loc":{"start":{"line":8,"column":33},"end":{"line":54,"column":1}},"line":8},"1":{"name":"commonBeforeEach","decl":{"start":{"line":56,"column":15},"end":{"line":56,"column":31}},"loc":{"start":{"line":56,"column":34},"end":{"line":58,"column":1}},"line":56},"2":{"name":"commonAfterEach","decl":{"start":{"line":60,"column":15},"end":{"line":60,"column":30}},"loc":{"start":{"line":60,"column":33},"end":{"line":62,"column":1}},"line":60},"3":{"name":"commonAfterAll","decl":{"start":{"line":64,"column":15},"end":{"line":64,"column":29}},"loc":{"start":{"line":64,"column":32},"end":{"line":66,"column":1}},"line":64}},"branchMap":{},"s":{"0":2,"1":2,"2":2,"3":2,"4":2,"5":2,"6":2,"7":2,"8":2,"9":2,"10":2,"11":2,"12":2,"13":23,"14":23,"15":2,"16":2,"17":2,"18":2},"f":{"0":2,"1":23,"2":23,"3":2},"b":{},"_coverageSchema":"1a1c01bbd47fc00a2c39e90264f33305004495a9","hash":"369fd2b54690460773683dac7aab258b1eb7a28f"}
,"D:\\rithm\\week_7\\express-jobly\\routes\\auth.js": {"path":"D:\\rithm\\week_7\\express-jobly\\routes\\auth.js","statementMap":{"0":{"start":{"line":5,"column":19},"end":{"line":5,"column":40}},"1":{"start":{"line":7,"column":13},"end":{"line":7,"column":38}},"2":{"start":{"line":8,"column":16},"end":{"line":8,"column":34}},"3":{"start":{"line":9,"column":15},"end":{"line":9,"column":35}},"4":{"start":{"line":10,"column":24},"end":{"line":10,"column":52}},"5":{"start":{"line":11,"column":23},"end":{"line":11,"column":58}},"6":{"start":{"line":12,"column":27},"end":{"line":12,"column":66}},"7":{"start":{"line":13,"column":28},"end":{"line":13,"column":54}},"8":{"start":{"line":22,"column":0},"end":{"line":38,"column":3}},"9":{"start":{"line":23,"column":2},"end":{"line":23,"column":33}},"10":{"start":{"line":24,"column":2},"end":{"line":37,"column":3}},"11":{"start":{"line":25,"column":22},"end":{"line":25,"column":67}},"12":{"start":{"line":26,"column":4},"end":{"line":29,"column":5}},"13":{"start":{"line":27,"column":19},"end":{"line":27,"column":53}},"14":{"start":{"line":27,"column":45},"end":{"line":27,"column":52}},"15":{"start":{"line":28,"column":6},"end":{"line":28,"column":38}},"16":{"start":{"line":31,"column":35},"end":{"line":31,"column":43}},"17":{"start":{"line":32,"column":17},"end":{"line":32,"column":60}},"18":{"start":{"line":33,"column":18},"end":{"line":33,"column":35}},"19":{"start":{"line":34,"column":4},"end":{"line":34,"column":31}},"20":{"start":{"line":36,"column":4},"end":{"line":36,"column":21}},"21":{"start":{"line":50,"column":0},"end":{"line":66,"column":3}},"22":{"start":{"line":51,"column":2},"end":{"line":51,"column":36}},"23":{"start":{"line":53,"column":2},"end":{"line":65,"column":3}},"24":{"start":{"line":54,"column":22},"end":{"line":54,"column":71}},"25":{"start":{"line":55,"column":4},"end":{"line":58,"column":5}},"26":{"start":{"line":56,"column":19},"end":{"line":56,"column":53}},"27":{"start":{"line":56,"column":45},"end":{"line":56,"column":52}},"28":{"start":{"line":57,"column":6},"end":{"line":57,"column":38}},"29":{"start":{"line":60,"column":20},"end":{"line":60,"column":73}},"30":{"start":{"line":61,"column":18},"end":{"line":61,"column":38}},"31":{"start":{"line":62,"column":4},"end":{"line":62,"column":43}},"32":{"start":{"line":64,"column":4},"end":{"line":64,"column":21}},"33":{"start":{"line":69,"column":0},"end":{"line":69,"column":24}}},"fnMap":{"0":{"name":"(anonymous_0)","decl":{"start":{"line":22,"column":22},"end":{"line":22,"column":23}},"loc":{"start":{"line":22,"column":54},"end":{"line":38,"column":1}},"line":22},"1":{"name":"(anonymous_1)","decl":{"start":{"line":27,"column":40},"end":{"line":27,"column":41}},"loc":{"start":{"line":27,"column":45},"end":{"line":27,"column":52}},"line":27},"2":{"name":"(anonymous_2)","decl":{"start":{"line":50,"column":25},"end":{"line":50,"column":26}},"loc":{"start":{"line":50,"column":57},"end":{"line":66,"column":1}},"line":50},"3":{"name":"(anonymous_3)","decl":{"start":{"line":56,"column":40},"end":{"line":56,"column":41}},"loc":{"start":{"line":56,"column":45},"end":{"line":56,"column":52}},"line":56}},"branchMap":{"0":{"loc":{"start":{"line":26,"column":4},"end":{"line":29,"column":5}},"type":"if","locations":[{"start":{"line":26,"column":4},"end":{"line":29,"column":5}},{"start":{"line":26,"column":4},"end":{"line":29,"column":5}}],"line":26},"1":{"loc":{"start":{"line":55,"column":4},"end":{"line":58,"column":5}},"type":"if","locations":[{"start":{"line":55,"column":4},"end":{"line":58,"column":5}},{"start":{"line":55,"column":4},"end":{"line":58,"column":5}}],"line":55}},"s":{"0":4,"1":4,"2":4,"3":4,"4":4,"5":4,"6":4,"7":4,"8":4,"9":5,"10":5,"11":5,"12":5,"13":2,"14":2,"15":2,"16":3,"17":3,"18":1,"19":1,"20":4,"21":4,"22":3,"23":3,"24":3,"25":3,"26":2,"27":5,"28":2,"29":1,"30":1,"31":1,"32":2,"33":4},"f":{"0":5,"1":2,"2":3,"3":5},"b":{"0":[2,3],"1":[2,1]},"_coverageSchema":"1a1c01bbd47fc00a2c39e90264f33305004495a9","hash":"b703f43dc13c600a33049640ac5b330af3691e85"}
,"D:\\rithm\\week_7\\express-jobly\\routes\\companies.js": {"path":"D:\\rithm\\week_7\\express-jobly\\routes\\companies.js","statementMap":{"0":{"start":{"line":5,"column":19},"end":{"line":5,"column":40}},"1":{"start":{"line":6,"column":16},"end":{"line":6,"column":34}},"2":{"start":{"line":8,"column":28},"end":{"line":8,"column":54}},"3":{"start":{"line":9,"column":40},"end":{"line":9,"column":69}},"4":{"start":{"line":10,"column":16},"end":{"line":10,"column":44}},"5":{"start":{"line":12,"column":25},"end":{"line":12,"column":62}},"6":{"start":{"line":13,"column":28},"end":{"line":13,"column":68}},"7":{"start":{"line":14,"column":28},"end":{"line":14,"column":68}},"8":{"start":{"line":16,"column":15},"end":{"line":16,"column":35}},"9":{"start":{"line":28,"column":0},"end":{"line":45,"column":3}},"10":{"start":{"line":29,"column":2},"end":{"line":44,"column":3}},"11":{"start":{"line":30,"column":4},"end":{"line":30,"column":56}},"12":{"start":{"line":32,"column":22},"end":{"line":32,"column":72}},"13":{"start":{"line":33,"column":4},"end":{"line":36,"column":5}},"14":{"start":{"line":34,"column":19},"end":{"line":34,"column":53}},"15":{"start":{"line":34,"column":45},"end":{"line":34,"column":52}},"16":{"start":{"line":35,"column":6},"end":{"line":35,"column":38}},"17":{"start":{"line":39,"column":22},"end":{"line":39,"column":63}},"18":{"start":{"line":41,"column":4},"end":{"line":41,"column":35}},"19":{"start":{"line":43,"column":4},"end":{"line":43,"column":21}},"20":{"start":{"line":55,"column":0},"end":{"line":64,"column":3}},"21":{"start":{"line":56,"column":2},"end":{"line":56,"column":39}},"22":{"start":{"line":58,"column":2},"end":{"line":63,"column":3}},"23":{"start":{"line":59,"column":20},"end":{"line":59,"column":56}},"24":{"start":{"line":60,"column":4},"end":{"line":60,"column":33}},"25":{"start":{"line":62,"column":4},"end":{"line":62,"column":21}},"26":{"start":{"line":75,"column":0},"end":{"line":90,"column":3}},"27":{"start":{"line":76,"column":2},"end":{"line":76,"column":33}},"28":{"start":{"line":78,"column":2},"end":{"line":89,"column":3}},"29":{"start":{"line":79,"column":22},"end":{"line":79,"column":69}},"30":{"start":{"line":80,"column":4},"end":{"line":83,"column":5}},"31":{"start":{"line":81,"column":19},"end":{"line":81,"column":53}},"32":{"start":{"line":81,"column":45},"end":{"line":81,"column":52}},"33":{"start":{"line":82,"column":6},"end":{"line":82,"column":38}},"34":{"start":{"line":85,"column":20},"end":{"line":85,"column":50}},"35":{"start":{"line":86,"column":4},"end":{"line":86,"column":45}},"36":{"start":{"line":88,"column":4},"end":{"line":88,"column":21}},"37":{"start":{"line":103,"column":0},"end":{"line":117,"column":3}},"38":{"start":{"line":104,"column":2},"end":{"line":104,"column":41}},"39":{"start":{"line":105,"column":2},"end":{"line":116,"column":3}},"40":{"start":{"line":106,"column":22},"end":{"line":106,"column":72}},"41":{"start":{"line":107,"column":4},"end":{"line":110,"column":5}},"42":{"start":{"line":108,"column":19},"end":{"line":108,"column":53}},"43":{"start":{"line":108,"column":45},"end":{"line":108,"column":52}},"44":{"start":{"line":109,"column":6},"end":{"line":109,"column":38}},"45":{"start":{"line":112,"column":20},"end":{"line":112,"column":69}},"46":{"start":{"line":113,"column":4},"end":{"line":113,"column":33}},"47":{"start":{"line":115,"column":4},"end":{"line":115,"column":21}},"48":{"start":{"line":124,"column":0},"end":{"line":132,"column":3}},"49":{"start":{"line":125,"column":2},"end":{"line":125,"column":42}},"50":{"start":{"line":126,"column":2},"end":{"line":131,"column":3}},"51":{"start":{"line":127,"column":4},"end":{"line":127,"column":44}},"52":{"start":{"line":128,"column":4},"end":{"line":128,"column":52}},"53":{"start":{"line":130,"column":4},"end":{"line":130,"column":21}},"54":{"start":{"line":135,"column":0},"end":{"line":135,"column":24}}},"fnMap":{"0":{"name":"(anonymous_0)","decl":{"start":{"line":28,"column":16},"end":{"line":28,"column":17}},"loc":{"start":{"line":28,"column":48},"end":{"line":45,"column":1}},"line":28},"1":{"name":"(anonymous_1)","decl":{"start":{"line":34,"column":40},"end":{"line":34,"column":41}},"loc":{"start":{"line":34,"column":45},"end":{"line":34,"column":52}},"line":34},"2":{"name":"(anonymous_2)","decl":{"start":{"line":55,"column":23},"end":{"line":55,"column":24}},"loc":{"start":{"line":55,"column":55},"end":{"line":64,"column":1}},"line":55},"3":{"name":"(anonymous_3)","decl":{"start":{"line":75,"column":46},"end":{"line":75,"column":47}},"loc":{"start":{"line":75,"column":78},"end":{"line":90,"column":1}},"line":75},"4":{"name":"(anonymous_4)","decl":{"start":{"line":81,"column":40},"end":{"line":81,"column":41}},"loc":{"start":{"line":81,"column":45},"end":{"line":81,"column":52}},"line":81},"5":{"name":"(anonymous_5)","decl":{"start":{"line":103,"column":54},"end":{"line":103,"column":55}},"loc":{"start":{"line":103,"column":86},"end":{"line":117,"column":1}},"line":103},"6":{"name":"(anonymous_6)","decl":{"start":{"line":108,"column":40},"end":{"line":108,"column":41}},"loc":{"start":{"line":108,"column":45},"end":{"line":108,"column":52}},"line":108},"7":{"name":"(anonymous_7)","decl":{"start":{"line":124,"column":55},"end":{"line":124,"column":56}},"loc":{"start":{"line":124,"column":87},"end":{"line":132,"column":1}},"line":124}},"branchMap":{"0":{"loc":{"start":{"line":33,"column":4},"end":{"line":36,"column":5}},"type":"if","locations":[{"start":{"line":33,"column":4},"end":{"line":36,"column":5}},{"start":{"line":33,"column":4},"end":{"line":36,"column":5}}],"line":33},"1":{"loc":{"start":{"line":80,"column":4},"end":{"line":83,"column":5}},"type":"if","locations":[{"start":{"line":80,"column":4},"end":{"line":83,"column":5}},{"start":{"line":80,"column":4},"end":{"line":83,"column":5}}],"line":80},"2":{"loc":{"start":{"line":107,"column":4},"end":{"line":110,"column":5}},"type":"if","locations":[{"start":{"line":107,"column":4},"end":{"line":110,"column":5}},{"start":{"line":107,"column":4},"end":{"line":110,"column":5}}],"line":107}},"s":{"0":4,"1":4,"2":4,"3":4,"4":4,"5":4,"6":4,"7":4,"8":4,"9":4,"10":2,"11":2,"12":2,"13":2,"14":0,"15":0,"16":0,"17":2,"18":1,"19":1,"20":4,"21":2,"22":2,"23":2,"24":1,"25":1,"26":4,"27":3,"28":3,"29":3,"30":3,"31":2,"32":3,"33":2,"34":1,"35":1,"36":2,"37":4,"38":3,"39":3,"40":3,"41":3,"42":2,"43":2,"44":2,"45":1,"46":1,"47":2,"48":4,"49":2,"50":2,"51":2,"52":1,"53":1,"54":4},"f":{"0":2,"1":0,"2":2,"3":3,"4":3,"5":3,"6":2,"7":2},"b":{"0":[0,2],"1":[2,1],"2":[2,1]},"_coverageSchema":"1a1c01bbd47fc00a2c39e90264f33305004495a9","hash":"34f7da2e162b9e89fb3a6bb23f541e19cc757249"}
}
