TN:
SF:app.js
FN:28,(anonymous_0)
FN:33,(anonymous_1)
FNF:2
FNH:2
FNDA:1,(anonymous_0)
FNDA:17,(anonymous_1)
DA:6,4
DA:7,4
DA:8,4
DA:9,4
DA:10,4
DA:11,4
DA:13,4
DA:17,4
DA:18,4
DA:19,4
DA:22,4
DA:23,4
DA:28,4
DA:29,1
DA:33,4
DA:34,17
DA:35,17
DA:36,17
DA:38,17
DA:45,4
LF:20
LH:20
BRDA:34,0,0,0
BRDA:34,0,1,17
BRDA:35,1,0,17
BRDA:35,1,1,1
BRF:4
BRH:3
end_of_record
TN:
SF:config.js
FNF:0
FNH:0
DA:5,7
DA:7,7
DA:9,7
DA:17,7
DA:24,7
DA:27,7
LF:6
LH:6
BRDA:7,0,0,7
BRDA:7,0,1,7
BRDA:9,1,0,7
BRDA:9,1,1,7
BRDA:17,2,0,7
BRDA:17,2,1,0
BRDA:19,3,0,0
BRDA:19,3,1,0
BRDA:24,4,0,7
BRDA:24,4,1,0
BRF:10
BRH:6
end_of_record
TN:
SF:db.js
FNF:0
FNH:0
DA:5,6
DA:6,6
DA:8,6
DA:12,6
DA:14,6
LF:5
LH:5
BRF:0
BRH:0
end_of_record
TN:
SF:expressError.js
FN:8,(anonymous_0)
FN:18,(anonymous_1)
FN:26,(anonymous_2)
FN:34,(anonymous_3)
FN:42,(anonymous_4)
FNF:5
FNH:4
FNDA:27,(anonymous_0)
FNDA:6,(anonymous_1)
FNDA:8,(anonymous_2)
FNDA:13,(anonymous_3)
FNDA:0,(anonymous_4)
DA:9,27
DA:10,27
DA:11,27
DA:19,6
DA:27,8
DA:35,13
DA:43,0
DA:47,7
LF:8
LH:7
BRDA:18,0,0,1
BRDA:26,1,0,4
BRDA:34,2,0,1
BRDA:42,3,0,0
BRF:4
BRH:3
end_of_record
TN:
SF:helpers\sql.js
FN:16,sqlForPartialUpdate
FN:20,(anonymous_1)
FNF:2
FNH:2
FNDA:6,sqlForPartialUpdate
FNDA:6,(anonymous_1)
DA:2,5
DA:17,6
DA:19,4
DA:20,6
DA:23,4
DA:30,5
LF:6
LH:6
BRDA:16,0,0,1
BRDA:17,1,0,2
BRDA:17,1,1,4
BRDA:17,2,0,6
BRDA:17,2,1,5
BRF:5
BRH:5
end_of_record
TN:
SF:helpers\tokens.js
FN:6,createToken
FNF:1
FNH:1
FNDA:6,createToken
DA:1,4
DA:2,4
DA:7,6
DA:10,6
DA:15,6
DA:18,4
LF:6
LH:6
BRDA:12,0,0,6
BRDA:12,0,1,4
BRF:2
BRH:2
end_of_record
TN:
SF:middleware\auth.js
FN:20,authenticateJWT
FN:41,_ensureLoggedIn
FN:48,ensureLoggedIn
FN:65,_ensureAdmin
FN:72,ensureAdmin
FNF:5
FNH:5
FNDA:27,authenticateJWT
FNDA:13,_ensureLoggedIn
FNDA:11,ensureLoggedIn
FNDA:10,_ensureAdmin
FNDA:8,ensureAdmin
DA:5,5
DA:6,5
DA:7,5
DA:21,27
DA:22,27
DA:24,27
DA:25,27
DA:26,26
DA:28,1
DA:29,1
DA:42,13
DA:49,11
DA:50,11
DA:51,8
DA:53,3
DA:66,10
DA:73,8
DA:74,8
DA:75,8
DA:77,0
DA:82,5
LF:21
LH:20
BRDA:25,0,0,11
BRDA:25,0,1,16
BRDA:42,1,0,4
BRDA:42,1,1,9
BRDA:66,2,0,0
BRDA:66,2,1,9
BRF:6
BRH:5
end_of_record
TN:
SF:models\_testCommon.js
FN:7,commonBeforeAll
FN:35,commonBeforeEach
FN:39,commonAfterEach
FN:43,commonAfterAll
FNF:4
FNH:4
FNDA:2,commonBeforeAll
FNDA:22,commonBeforeEach
FNDA:22,commonAfterEach
FNDA:2,commonAfterAll
DA:1,2
DA:3,2
DA:4,2
DA:9,2
DA:11,2
DA:13,2
DA:19,2
DA:24,2
DA:36,22
DA:40,22
DA:44,2
DA:48,2
LF:12
LH:12
BRF:0
BRH:0
end_of_record
TN:
SF:models\company.js
FN:15,(anonymous_0)
FN:62,(anonymous_1)
FN:85,(anonymous_2)
FN:125,(anonymous_3)
FN:152,(anonymous_4)
FNF:5
FNH:5
FNDA:8,(anonymous_0)
FNDA:4,(anonymous_1)
FNDA:9,(anonymous_2)
FNDA:4,(anonymous_3)
FNDA:4,(anonymous_4)
DA:3,5
DA:4,5
DA:5,5
DA:6,5
DA:16,8
DA:17,8
DA:18,8
DA:20,8
DA:21,8
DA:22,8
DA:25,8
DA:28,7
DA:31,7
DA:32,6
DA:33,2
DA:34,2
DA:35,2
DA:37,4
DA:38,4
DA:39,4
DA:40,4
DA:41,4
DA:42,4
DA:46,7
DA:52,6
DA:63,4
DA:69,4
DA:71,4
DA:73,2
DA:86,9
DA:92,9
DA:93,1
DA:95,8
DA:108,8
DA:110,8
DA:126,4
DA:128,3
DA:129,3
DA:131,3
DA:139,3
DA:140,3
DA:142,3
DA:144,2
DA:153,4
DA:159,4
DA:161,4
DA:166,5
LF:47
LH:47
BRDA:15,0,0,1
BRDA:25,1,0,1
BRDA:25,1,1,7
BRDA:28,2,0,3
BRDA:28,2,1,4
BRDA:32,3,0,2
BRDA:32,3,1,4
BRDA:37,4,0,4
BRDA:37,4,1,0
BRDA:38,5,0,2
BRDA:38,5,1,2
BRDA:41,6,0,1
BRDA:41,6,1,3
BRDA:48,7,0,3
BRDA:48,7,1,4
BRDA:71,8,0,2
BRDA:71,8,1,2
BRDA:92,9,0,1
BRDA:92,9,1,8
BRDA:126,10,0,1
BRDA:126,10,1,3
BRDA:142,11,0,1
BRDA:142,11,1,2
BRDA:161,12,0,2
BRDA:161,12,1,2
BRF:25
BRH:24
end_of_record
TN:
SF:models\user.js
FN:22,(anonymous_0)
FN:57,(anonymous_1)
FNF:2
FNH:2
FNDA:6,(anonymous_0)
FNDA:13,(anonymous_1)
DA:3,5
DA:4,5
DA:8,5
DA:10,5
DA:24,6
DA:36,6
DA:38,6
DA:40,4
DA:41,4
DA:42,2
DA:43,2
DA:47,4
DA:59,13
DA:66,13
DA:67,1
DA:70,12
DA:72,12
DA:92,11
DA:94,11
DA:98,5
LF:20
LH:20
BRDA:38,0,0,4
BRDA:38,0,1,2
BRDA:41,1,0,2
BRDA:41,1,1,2
BRDA:66,2,0,1
BRDA:66,2,1,12
BRF:6
BRH:6
end_of_record
TN:
SF:routes\_testCommon.js
FN:8,commonBeforeAll
FN:56,commonBeforeEach
FN:60,commonAfterEach
FN:64,commonAfterAll
FNF:4
FNH:4
FNDA:2,commonBeforeAll
FNDA:23,commonBeforeEach
FNDA:23,commonAfterEach
FNDA:2,commonAfterAll
DA:3,2
DA:4,2
DA:5,2
DA:6,2
DA:10,2
DA:12,2
DA:14,2
DA:16,2
DA:18,2
DA:21,2
DA:29,2
DA:37,2
DA:46,2
DA:57,23
DA:61,23
DA:65,2
DA:69,2
DA:70,2
DA:72,2
LF:19
LH:19
BRF:0
BRH:0
end_of_record
TN:
SF:routes\auth.js
FN:22,(anonymous_0)
FN:27,(anonymous_1)
FN:50,(anonymous_2)
FN:56,(anonymous_3)
FNF:4
FNH:4
FNDA:5,(anonymous_0)
FNDA:2,(anonymous_1)
FNDA:3,(anonymous_2)
FNDA:5,(anonymous_3)
DA:5,4
DA:7,4
DA:8,4
DA:9,4
DA:10,4
DA:11,4
DA:12,4
DA:13,4
DA:22,4
DA:23,5
DA:24,5
DA:25,5
DA:26,5
DA:27,2
DA:28,2
DA:31,3
DA:32,3
DA:33,1
DA:34,1
DA:36,4
DA:50,4
DA:51,3
DA:53,3
DA:54,3
DA:55,3
DA:56,5
DA:57,2
DA:60,1
DA:61,1
DA:62,1
DA:64,2
DA:69,4
LF:32
LH:32
BRDA:26,0,0,2
BRDA:26,0,1,3
BRDA:55,1,0,2
BRDA:55,1,1,1
BRF:4
BRH:4
end_of_record
TN:
SF:routes\companies.js
FN:28,(anonymous_0)
FN:34,(anonymous_1)
FN:55,(anonymous_2)
FN:75,(anonymous_3)
FN:81,(anonymous_4)
FN:103,(anonymous_5)
FN:108,(anonymous_6)
FN:124,(anonymous_7)
FNF:8
FNH:7
FNDA:2,(anonymous_0)
FNDA:0,(anonymous_1)
FNDA:2,(anonymous_2)
FNDA:3,(anonymous_3)
FNDA:3,(anonymous_4)
FNDA:3,(anonymous_5)
FNDA:2,(anonymous_6)
FNDA:2,(anonymous_7)
DA:5,4
DA:6,4
DA:8,4
DA:9,4
DA:10,4
DA:12,4
DA:13,4
DA:14,4
DA:16,4
DA:28,4
DA:29,2
DA:30,2
DA:32,2
DA:33,2
DA:34,0
DA:35,0
DA:39,2
DA:41,1
DA:43,1
DA:55,4
DA:56,2
DA:58,2
DA:59,2
DA:60,1
DA:62,1
DA:75,4
DA:76,3
DA:78,3
DA:79,3
DA:80,3
DA:81,3
DA:82,2
DA:85,1
DA:86,1
DA:88,2
DA:103,4
DA:104,3
DA:105,3
DA:106,3
DA:107,3
DA:108,2
DA:109,2
DA:112,1
DA:113,1
DA:115,2
DA:124,4
DA:125,2
DA:126,2
DA:127,2
DA:128,1
DA:130,1
DA:135,4
LF:52
LH:50
BRDA:33,0,0,0
BRDA:33,0,1,2
BRDA:80,1,0,2
BRDA:80,1,1,1
BRDA:107,2,0,2
BRDA:107,2,1,1
BRF:6
BRH:5
end_of_record
