TN:
SF:app.js
FN:30,(anonymous_0)
FN:35,(anonymous_1)
FNF:2
FNH:2
FNDA:1,(anonymous_0)
FNDA:29,(anonymous_1)
DA:6,5
DA:7,5
DA:8,5
DA:9,5
DA:10,5
DA:11,5
DA:12,5
DA:14,5
DA:18,5
DA:19,5
DA:20,5
DA:23,5
DA:24,5
DA:25,5
DA:30,5
DA:31,1
DA:35,5
DA:36,29
DA:37,29
DA:38,29
DA:40,29
DA:47,5
LF:22
LH:22
BRDA:36,0,0,0
BRDA:36,0,1,29
BRDA:37,1,0,29
BRDA:37,1,1,2
BRF:4
BRH:3
end_of_record
TN:
SF:config.js
FNF:0
FNH:0
DA:5,9
DA:7,9
DA:9,9
DA:17,9
DA:24,9
DA:27,9
LF:6
LH:6
BRDA:7,0,0,9
BRDA:7,0,1,9
BRDA:9,1,0,9
BRDA:9,1,1,9
BRDA:17,2,0,9
BRDA:17,2,1,0
BRDA:19,3,0,0
BRDA:19,3,1,0
BRDA:24,4,0,9
BRDA:24,4,1,0
BRF:10
BRH:6
end_of_record
TN:
SF:db.js
FNF:0
FNH:0
DA:5,8
DA:6,8
DA:8,8
DA:12,8
DA:14,8
LF:5
LH:5
BRF:0
BRH:0
end_of_record
TN:
SF:expressError.js
FN:8,(anonymous_0)
FN:18,(anonymous_1)
FN:26,(anonymous_2)
FN:34,(anonymous_3)
FN:42,(anonymous_4)
FNF:5
FNH:4
FNDA:43,(anonymous_0)
FNDA:11,(anonymous_1)
FNDA:14,(anonymous_2)
FNDA:18,(anonymous_3)
FNDA:0,(anonymous_4)
DA:9,43
DA:10,43
DA:11,43
DA:19,11
DA:27,14
DA:35,18
DA:43,0
DA:47,9
LF:8
LH:7
BRDA:18,0,0,1
BRDA:26,1,0,10
BRDA:34,2,0,1
BRDA:42,3,0,0
BRF:4
BRH:3
end_of_record
TN:
SF:helpers\sql.js
FN:16,sqlForPartialUpdate
FN:21,(anonymous_1)
FNF:2
FNH:2
FNDA:10,sqlForPartialUpdate
FNDA:14,(anonymous_1)
DA:2,7
DA:17,10
DA:18,2
DA:20,8
DA:21,14
DA:24,8
DA:31,7
LF:7
LH:7
BRDA:16,0,0,1
BRDA:17,1,0,2
BRDA:17,1,1,8
BRDA:17,2,0,10
BRDA:17,2,1,9
BRF:5
BRH:5
end_of_record
TN:
SF:helpers\tokens.js
FN:6,createToken
FNF:1
FNH:1
FNDA:8,createToken
DA:1,5
DA:2,5
DA:7,8
DA:10,8
DA:15,8
DA:18,5
LF:6
LH:6
BRDA:12,0,0,8
BRDA:12,0,1,5
BRF:2
BRH:2
end_of_record
TN:
SF:middleware\auth.js
FN:20,authenticateJWT
FN:41,_ensureLoggedIn
FN:48,ensureLoggedIn
FN:65,_ensureAdmin
FN:74,ensureAdmin
FNF:5
FNH:5
FNDA:46,authenticateJWT
FNDA:26,_ensureLoggedIn
FNDA:24,ensureLoggedIn
FNDA:20,_ensureAdmin
FNDA:18,ensureAdmin
DA:5,6
DA:6,6
DA:7,6
DA:21,46
DA:22,46
DA:24,46
DA:25,46
DA:26,45
DA:28,1
DA:29,1
DA:42,26
DA:49,24
DA:50,24
DA:51,18
DA:53,6
DA:66,20
DA:67,20
DA:68,17
DA:75,18
DA:76,18
DA:77,16
DA:79,2
DA:80,2
DA:85,6
LF:24
LH:24
BRDA:25,0,0,22
BRDA:25,0,1,24
BRDA:42,1,0,7
BRDA:42,1,1,19
BRDA:67,2,0,3
BRDA:67,2,1,17
BRF:6
BRH:6
end_of_record
TN:
SF:models\_testCommon.js
FN:7,commonBeforeAll
FN:49,commonBeforeEach
FN:53,commonAfterEach
FN:57,commonAfterAll
FNF:4
FNH:4
FNDA:3,commonBeforeAll
FNDA:37,commonBeforeEach
FNDA:37,commonAfterEach
FNDA:3,commonAfterAll
DA:1,3
DA:3,3
DA:4,3
DA:9,3
DA:11,3
DA:13,3
DA:14,3
DA:17,3
DA:23,3
DA:28,3
DA:38,3
DA:50,37
DA:54,37
DA:58,3
DA:62,3
LF:15
LH:15
BRF:0
BRH:0
end_of_record
TN:
SF:models\company.js
FN:15,(anonymous_0)
FN:53,(anonymous_1)
FN:68,(anonymous_2)
FN:87,(anonymous_3)
FN:127,(anonymous_4)
FN:154,(anonymous_5)
FNF:6
FNH:6
FNDA:9,(anonymous_0)
FNDA:4,(anonymous_1)
FNDA:1,(anonymous_2)
FNDA:12,(anonymous_3)
FNDA:4,(anonymous_4)
FNDA:4,(anonymous_5)
DA:3,6
DA:4,6
DA:5,6
DA:16,9
DA:17,9
DA:19,9
DA:22,9
DA:25,8
DA:26,7
DA:27,2
DA:28,2
DA:30,5
DA:31,5
DA:32,5
DA:33,5
DA:37,8
DA:43,7
DA:54,4
DA:60,4
DA:62,4
DA:64,2
DA:69,1
DA:75,1
DA:88,12
DA:94,12
DA:95,1
DA:97,11
DA:110,11
DA:112,11
DA:128,4
DA:130,3
DA:131,3
DA:133,3
DA:141,3
DA:142,3
DA:144,3
DA:146,2
DA:155,4
DA:161,4
DA:163,4
DA:168,6
LF:41
LH:41
BRDA:15,0,0,1
BRDA:22,1,0,1
BRDA:22,1,1,8
BRDA:26,2,0,2
BRDA:26,2,1,5
BRDA:30,3,0,5
BRDA:30,3,1,0
BRDA:31,4,0,2
BRDA:31,4,1,3
BRDA:39,5,0,3
BRDA:39,5,1,5
BRDA:62,6,0,2
BRDA:62,6,1,2
BRDA:94,7,0,1
BRDA:94,7,1,11
BRDA:128,8,0,1
BRDA:128,8,1,3
BRDA:144,9,0,1
BRDA:144,9,1,2
BRDA:163,10,0,2
BRDA:163,10,1,2
BRF:21
BRH:20
end_of_record
TN:
SF:models\job.js
FN:13,(anonymous_0)
FN:55,(anonymous_1)
FN:78,(anonymous_2)
FN:116,(anonymous_3)
FN:143,(anonymous_4)
FNF:5
FNH:5
FNDA:9,(anonymous_0)
FNDA:4,(anonymous_1)
FNDA:12,(anonymous_2)
FNDA:4,(anonymous_3)
FNDA:4,(anonymous_4)
DA:3,6
DA:4,6
DA:5,6
DA:14,9
DA:15,9
DA:17,9
DA:20,9
DA:21,8
DA:22,2
DA:23,2
DA:25,6
DA:26,3
DA:27,3
DA:29,3
DA:31,2
DA:36,9
DA:40,9
DA:45,8
DA:56,4
DA:62,4
DA:64,4
DA:66,2
DA:79,12
DA:84,12
DA:85,1
DA:87,11
DA:99,11
DA:101,11
DA:117,4
DA:119,3
DA:120,3
DA:122,3
DA:130,3
DA:131,3
DA:133,3
DA:135,2
DA:144,4
DA:150,4
DA:152,4
DA:157,6
LF:40
LH:40
BRDA:13,0,0,0
BRDA:21,1,0,2
BRDA:21,1,1,6
BRDA:25,2,0,3
BRDA:25,2,1,3
BRDA:29,3,0,2
BRDA:29,3,1,1
BRDA:29,4,0,3
BRDA:29,4,1,3
BRDA:37,5,0,4
BRDA:37,5,1,5
BRDA:42,6,0,4
BRDA:42,6,1,5
BRDA:64,7,0,2
BRDA:64,7,1,2
BRDA:84,8,0,1
BRDA:84,8,1,11
BRDA:117,9,0,1
BRDA:117,9,1,3
BRDA:133,10,0,1
BRDA:133,10,1,2
BRDA:152,11,0,2
BRDA:152,11,1,2
BRF:23
BRH:22
end_of_record
TN:
SF:models\user.js
FN:22,(anonymous_0)
FN:57,(anonymous_1)
FNF:2
FNH:2
FNDA:6,(anonymous_0)
FNDA:17,(anonymous_1)
DA:3,6
DA:4,6
DA:8,6
DA:10,6
DA:24,6
DA:36,6
DA:38,6
DA:40,4
DA:41,4
DA:42,2
DA:43,2
DA:47,4
DA:59,17
DA:66,17
DA:67,1
DA:70,16
DA:72,16
DA:92,15
DA:94,15
DA:98,6
LF:20
LH:20
BRDA:38,0,0,4
BRDA:38,0,1,2
BRDA:41,1,0,2
BRDA:41,1,1,2
BRDA:66,2,0,1
BRDA:66,2,1,16
BRF:6
BRH:6
end_of_record
TN:
SF:routes\_testCommon.js
FN:9,commonBeforeAll
FN:83,commonBeforeEach
FN:87,commonAfterEach
FN:91,commonAfterAll
FNF:4
FNH:4
FNDA:3,commonBeforeAll
FNDA:42,commonBeforeEach
FNDA:42,commonAfterEach
FNDA:3,commonAfterAll
DA:3,3
DA:4,3
DA:5,3
DA:6,3
DA:7,3
DA:11,3
DA:13,3
DA:15,3
DA:16,3
DA:18,3
DA:20,3
DA:22,3
DA:25,3
DA:33,3
DA:41,3
DA:50,3
DA:60,3
DA:67,3
DA:75,3
DA:84,42
DA:88,42
DA:92,3
DA:96,3
DA:97,3
DA:99,3
LF:25
LH:25
BRF:0
BRH:0
end_of_record
TN:
SF:routes\auth.js
FN:22,(anonymous_0)
FN:27,(anonymous_1)
FN:50,(anonymous_2)
FN:56,(anonymous_3)
FNF:4
FNH:4
FNDA:5,(anonymous_0)
FNDA:2,(anonymous_1)
FNDA:3,(anonymous_2)
FNDA:5,(anonymous_3)
DA:5,5
DA:7,5
DA:8,5
DA:9,5
DA:10,5
DA:11,5
DA:12,5
DA:13,5
DA:22,5
DA:23,5
DA:24,5
DA:25,5
DA:26,5
DA:27,2
DA:28,2
DA:31,3
DA:32,3
DA:33,1
DA:34,1
DA:36,4
DA:50,5
DA:51,3
DA:53,3
DA:54,3
DA:55,3
DA:56,5
DA:57,2
DA:60,1
DA:61,1
DA:62,1
DA:64,2
DA:69,5
LF:32
LH:32
BRDA:26,0,0,2
BRDA:26,0,1,3
BRDA:55,1,0,2
BRDA:55,1,1,1
BRF:4
BRH:4
end_of_record
TN:
SF:routes\companies.js
FN:28,(anonymous_0)
FN:34,(anonymous_1)
FN:55,(anonymous_2)
FN:77,(anonymous_3)
FN:83,(anonymous_4)
FN:105,(anonymous_5)
FN:110,(anonymous_6)
FN:126,(anonymous_7)
FNF:8
FNH:7
FNDA:3,(anonymous_0)
FNDA:0,(anonymous_1)
FNDA:2,(anonymous_2)
FNDA:3,(anonymous_3)
FNDA:3,(anonymous_4)
FNDA:3,(anonymous_5)
FNDA:2,(anonymous_6)
FNDA:2,(anonymous_7)
DA:5,5
DA:6,5
DA:8,5
DA:9,5
DA:10,5
DA:12,5
DA:13,5
DA:14,5
DA:16,5
DA:28,5
DA:29,3
DA:30,3
DA:32,3
DA:33,3
DA:34,0
DA:35,0
DA:39,3
DA:41,2
DA:43,1
DA:55,5
DA:56,2
DA:58,2
DA:59,2
DA:60,1
DA:62,1
DA:64,1
DA:77,5
DA:78,3
DA:80,3
DA:81,3
DA:82,3
DA:83,3
DA:84,2
DA:87,1
DA:88,1
DA:90,2
DA:105,5
DA:106,3
DA:107,3
DA:108,3
DA:109,3
DA:110,2
DA:111,2
DA:114,1
DA:115,1
DA:117,2
DA:126,5
DA:127,2
DA:128,2
DA:129,2
DA:130,1
DA:132,1
DA:137,5
LF:53
LH:51
BRDA:33,0,0,0
BRDA:33,0,1,3
BRDA:82,1,0,2
BRDA:82,1,1,1
BRDA:109,2,0,2
BRDA:109,2,1,1
BRF:6
BRH:5
end_of_record
TN:
SF:routes\jobs.js
FN:18,(anonymous_0)
FN:24,(anonymous_1)
FN:45,(anonymous_2)
FN:65,(anonymous_3)
FN:71,(anonymous_4)
FN:93,(anonymous_5)
FN:98,(anonymous_6)
FN:114,(anonymous_7)
FNF:8
FNH:7
FNDA:3,(anonymous_0)
FNDA:0,(anonymous_1)
FNDA:2,(anonymous_2)
FNDA:3,(anonymous_3)
FNDA:4,(anonymous_4)
FNDA:3,(anonymous_5)
FNDA:2,(anonymous_6)
FNDA:2,(anonymous_7)
DA:5,5
DA:6,5
DA:8,5
DA:9,5
DA:10,5
DA:12,5
DA:13,5
DA:14,5
DA:16,5
DA:18,5
DA:19,3
DA:20,3
DA:22,3
DA:23,3
DA:24,0
DA:25,0
DA:29,3
DA:31,2
DA:33,1
DA:45,5
DA:46,2
DA:48,2
DA:49,2
DA:50,1
DA:52,1
DA:65,5
DA:66,3
DA:68,3
DA:69,3
DA:70,3
DA:71,4
DA:72,2
DA:75,1
DA:76,1
DA:78,2
DA:93,5
DA:94,3
DA:95,3
DA:96,3
DA:97,3
DA:98,2
DA:99,2
DA:102,1
DA:103,1
DA:105,2
DA:114,5
DA:115,2
DA:116,2
DA:117,2
DA:118,1
DA:120,1
DA:124,5
LF:52
LH:50
BRDA:23,0,0,0
BRDA:23,0,1,3
BRDA:70,1,0,2
BRDA:70,1,1,1
BRDA:97,2,0,2
BRDA:97,2,1,1
BRF:6
BRH:5
end_of_record
